[2024-09-02 03:16:33] production.ERROR: SQLSTATE[42S22]: Column not found: 1054 Unknown column 'business_name' in 'field list' (Connection: mysql, SQL: select `business_name`, `first_name`, `last_name`, `email`, `phone`, `address`, `address2`, `city`, `state`, `country`, `zip_code`, `status` from `users` where `users`.`deleted_at` is null) {"userId":24,"exception":"[object] (Illuminate\\Database\\QueryException(code: 42S22): SQLSTATE[42S22]: Column not found: 1054 Unknown column 'business_name' in 'field list' (Connection: mysql, SQL: select `business_name`, `first_name`, `last_name`, `email`, `phone`, `address`, `address2`, `city`, `state`, `country`, `zip_code`, `status` from `users` where `users`.`deleted_at` is null) at C:\\Users\\dell\\Desktop\\Vip_travel\\Vip_Travel_Project\\vendor\\laravel\\framework\\src\\Illuminate\\Database\\Connection.php:829)
[stacktrace]
#0 C:\\Users\\dell\\Desktop\\Vip_travel\\Vip_Travel_Project\\vendor\\laravel\\framework\\src\\Illuminate\\Database\\Connection.php(783): Illuminate\\Database\\Connection->runQueryCallback('select `busines...', Array, Object(Closure))
#1 C:\\Users\\dell\\Desktop\\Vip_travel\\Vip_Travel_Project\\vendor\\laravel\\framework\\src\\Illuminate\\Database\\Connection.php(414): Illuminate\\Database\\Connection->run('select `busines...', Array, Object(Closure))
#2 C:\\Users\\dell\\Desktop\\Vip_travel\\Vip_Travel_Project\\vendor\\laravel\\framework\\src\\Illuminate\\Database\\Query\\Builder.php(2871): Illuminate\\Database\\Connection->select('select `busines...', Array, true)
#3 C:\\Users\\dell\\Desktop\\Vip_travel\\Vip_Travel_Project\\vendor\\laravel\\framework\\src\\Illuminate\\Database\\Query\\Builder.php(2860): Illuminate\\Database\\Query\\Builder->runSelect()
#4 C:\\Users\\dell\\Desktop\\Vip_travel\\Vip_Travel_Project\\vendor\\laravel\\framework\\src\\Illuminate\\Database\\Query\\Builder.php(3414): Illuminate\\Database\\Query\\Builder->Illuminate\\Database\\Query\\{closure}()
#5 C:\\Users\\dell\\Desktop\\Vip_travel\\Vip_Travel_Project\\vendor\\laravel\\framework\\src\\Illuminate\\Database\\Query\\Builder.php(2859): Illuminate\\Database\\Query\\Builder->onceWithColumns(Array, Object(Closure))
#6 C:\\Users\\dell\\Desktop\\Vip_travel\\Vip_Travel_Project\\vendor\\laravel\\framework\\src\\Illuminate\\Database\\Eloquent\\Builder.php(739): Illuminate\\Database\\Query\\Builder->get(Array)
#7 C:\\Users\\dell\\Desktop\\Vip_travel\\Vip_Travel_Project\\vendor\\laravel\\framework\\src\\Illuminate\\Database\\Eloquent\\Builder.php(723): Illuminate\\Database\\Eloquent\\Builder->getModels(Array)
#8 C:\\Users\\dell\\Desktop\\Vip_travel\\Vip_Travel_Project\\modules\\User\\Exports\\UserExport.php(29): Illuminate\\Database\\Eloquent\\Builder->get()
#9 C:\\Users\\dell\\Desktop\\Vip_travel\\Vip_Travel_Project\\vendor\\maatwebsite\\excel\\src\\Sheet.php(503): Modules\\User\\Exports\\UserExport->collection()
#10 C:\\Users\\dell\\Desktop\\Vip_travel\\Vip_Travel_Project\\vendor\\maatwebsite\\excel\\src\\Sheet.php(216): Maatwebsite\\Excel\\Sheet->fromCollection(Object(Modules\\User\\Exports\\UserExport))
#11 C:\\Users\\dell\\Desktop\\Vip_travel\\Vip_Travel_Project\\vendor\\maatwebsite\\excel\\src\\Writer.php(72): Maatwebsite\\Excel\\Sheet->export(Object(Modules\\User\\Exports\\UserExport))
#12 C:\\Users\\dell\\Desktop\\Vip_travel\\Vip_Travel_Project\\vendor\\maatwebsite\\excel\\src\\Excel.php(203): Maatwebsite\\Excel\\Writer->export(Object(Modules\\User\\Exports\\UserExport), 'Xlsx')
#13 C:\\Users\\dell\\Desktop\\Vip_travel\\Vip_Travel_Project\\vendor\\maatwebsite\\excel\\src\\Excel.php(90): Maatwebsite\\Excel\\Excel->export(Object(Modules\\User\\Exports\\UserExport), 'user-Sep-02-202...', 'Xlsx')
#14 C:\\Users\\dell\\Desktop\\Vip_travel\\Vip_Travel_Project\\vendor\\maatwebsite\\excel\\src\\Concerns\\Exportable.php(30): Maatwebsite\\Excel\\Excel->download(Object(Modules\\User\\Exports\\UserExport), 'user-Sep-02-202...', NULL, Array)
#15 C:\\Users\\dell\\Desktop\\Vip_travel\\Vip_Travel_Project\\modules\\User\\Admin\\UserController.php(415): Modules\\User\\Exports\\UserExport->download('user-Sep-02-202...')
#16 C:\\Users\\dell\\Desktop\\Vip_travel\\Vip_Travel_Project\\vendor\\laravel\\framework\\src\\Illuminate\\Routing\\Controller.php(54): Modules\\User\\Admin\\UserController->export()
#17 C:\\Users\\dell\\Desktop\\Vip_travel\\Vip_Travel_Project\\vendor\\laravel\\framework\\src\\Illuminate\\Routing\\ControllerDispatcher.php(43): Illuminate\\Routing\\Controller->callAction('export', Array)
#18 C:\\Users\\dell\\Desktop\\Vip_travel\\Vip_Travel_Project\\vendor\\laravel\\framework\\src\\Illuminate\\Routing\\Route.php(259): Illuminate\\Routing\\ControllerDispatcher->dispatch(Object(Illuminate\\Routing\\Route), Object(Modules\\User\\Admin\\UserController), 'export')
#19 C:\\Users\\dell\\Desktop\\Vip_travel\\Vip_Travel_Project\\vendor\\laravel\\framework\\src\\Illuminate\\Routing\\Route.php(205): Illuminate\\Routing\\Route->runController()
#20 C:\\Users\\dell\\Desktop\\Vip_travel\\Vip_Travel_Project\\vendor\\laravel\\framework\\src\\Illuminate\\Routing\\Router.php(806): Illuminate\\Routing\\Route->run()
#21 C:\\Users\\dell\\Desktop\\Vip_travel\\Vip_Travel_Project\\vendor\\laravel\\framework\\src\\Illuminate\\Pipeline\\Pipeline.php(144): Illuminate\\Routing\\Router->Illuminate\\Routing\\{closure}(Object(Illuminate\\Http\\Request))
#22 C:\\Users\\dell\\Desktop\\Vip_travel\\Vip_Travel_Project\\app\\Http\\Middleware\\Dashboard.php(25): Illuminate\\Pipeline\\Pipeline->Illuminate\\Pipeline\\{closure}(Object(Illuminate\\Http\\Request))
#23 C:\\Users\\dell\\Desktop\\Vip_travel\\Vip_Travel_Project\\vendor\\laravel\\framework\\src\\Illuminate\\Pipeline\\Pipeline.php(183): App\\Http\\Middleware\\Dashboard->handle(Object(Illuminate\\Http\\Request), Object(Closure))
#24 C:\\Users\\dell\\Desktop\\Vip_travel\\Vip_Travel_Project\\app\\Http\\Middleware\\RequireChangePassword.php(41): Illuminate\\Pipeline\\Pipeline->Illuminate\\Pipeline\\{closure}(Object(Illuminate\\Http\\Request))
#25 C:\\Users\\dell\\Desktop\\Vip_travel\\Vip_Travel_Project\\vendor\\laravel\\framework\\src\\Illuminate\\Pipeline\\Pipeline.php(183): App\\Http\\Middleware\\RequireChangePassword->handle(Object(Illuminate\\Http\\Request), Object(Closure))
#26 C:\\Users\\dell\\Desktop\\Vip_travel\\Vip_Travel_Project\\app\\Http\\Middleware\\SetLanguageForAdmin.php(37): Illuminate\\Pipeline\\Pipeline->Illuminate\\Pipeline\\{closure}(Object(Illuminate\\Http\\Request))
#27 C:\\Users\\dell\\Desktop\\Vip_travel\\Vip_Travel_Project\\vendor\\laravel\\framework\\src\\Illuminate\\Pipeline\\Pipeline.php(183): App\\Http\\Middleware\\SetLanguageForAdmin->handle(Object(Illuminate\\Http\\Request), Object(Closure))
#28 C:\\Users\\dell\\Desktop\\Vip_travel\\Vip_Travel_Project\\app\\Http\\Middleware\\SetCurrentCurrency.php(48): Illuminate\\Pipeline\\Pipeline->Illuminate\\Pipeline\\{closure}(Object(Illuminate\\Http\\Request))
#29 C:\\Users\\dell\\Desktop\\Vip_travel\\Vip_Travel_Project\\vendor\\laravel\\framework\\src\\Illuminate\\Pipeline\\Pipeline.php(183): App\\Http\\Middleware\\SetCurrentCurrency->handle(Object(Illuminate\\Http\\Request), Object(Closure))
#30 C:\\Users\\dell\\Desktop\\Vip_travel\\Vip_Travel_Project\\app\\Http\\Middleware\\HideDebugbar.php(32): Illuminate\\Pipeline\\Pipeline->Illuminate\\Pipeline\\{closure}(Object(Illuminate\\Http\\Request))
#31 C:\\Users\\dell\\Desktop\\Vip_travel\\Vip_Travel_Project\\vendor\\laravel\\framework\\src\\Illuminate\\Pipeline\\Pipeline.php(183): App\\Http\\Middleware\\HideDebugbar->handle(Object(Illuminate\\Http\\Request), Object(Closure))
#32 C:\\Users\\dell\\Desktop\\Vip_travel\\Vip_Travel_Project\\app\\Http\\Middleware\\RedirectForMultiLanguage.php(58): Illuminate\\Pipeline\\Pipeline->Illuminate\\Pipeline\\{closure}(Object(Illuminate\\Http\\Request))
#33 C:\\Users\\dell\\Desktop\\Vip_travel\\Vip_Travel_Project\\vendor\\laravel\\framework\\src\\Illuminate\\Pipeline\\Pipeline.php(183): App\\Http\\Middleware\\RedirectForMultiLanguage->handle(Object(Illuminate\\Http\\Request), Object(Closure))
#34 C:\\Users\\dell\\Desktop\\Vip_travel\\Vip_Travel_Project\\vendor\\laravel\\framework\\src\\Illuminate\\Routing\\Middleware\\SubstituteBindings.php(50): Illuminate\\Pipeline\\Pipeline->Illuminate\\Pipeline\\{closure}(Object(Illuminate\\Http\\Request))
#35 C:\\Users\\dell\\Desktop\\Vip_travel\\Vip_Travel_Project\\vendor\\laravel\\framework\\src\\Illuminate\\Pipeline\\Pipeline.php(183): Illuminate\\Routing\\Middleware\\SubstituteBindings->handle(Object(Illuminate\\Http\\Request), Object(Closure))
#36 C:\\Users\\dell\\Desktop\\Vip_travel\\Vip_Travel_Project\\vendor\\laravel\\framework\\src\\Illuminate\\Foundation\\Http\\Middleware\\VerifyCsrfToken.php(78): Illuminate\\Pipeline\\Pipeline->Illuminate\\Pipeline\\{closure}(Object(Illuminate\\Http\\Request))
#37 C:\\Users\\dell\\Desktop\\Vip_travel\\Vip_Travel_Project\\vendor\\laravel\\framework\\src\\Illuminate\\Pipeline\\Pipeline.php(183): Illuminate\\Foundation\\Http\\Middleware\\VerifyCsrfToken->handle(Object(Illuminate\\Http\\Request), Object(Closure))
#38 C:\\Users\\dell\\Desktop\\Vip_travel\\Vip_Travel_Project\\vendor\\laravel\\framework\\src\\Illuminate\\View\\Middleware\\ShareErrorsFromSession.php(49): Illuminate\\Pipeline\\Pipeline->Illuminate\\Pipeline\\{closure}(Object(Illuminate\\Http\\Request))
#39 C:\\Users\\dell\\Desktop\\Vip_travel\\Vip_Travel_Project\\vendor\\laravel\\framework\\src\\Illuminate\\Pipeline\\Pipeline.php(183): Illuminate\\View\\Middleware\\ShareErrorsFromSession->handle(Object(Illuminate\\Http\\Request), Object(Closure))
#40 C:\\Users\\dell\\Desktop\\Vip_travel\\Vip_Travel_Project\\vendor\\laravel\\framework\\src\\Illuminate\\Session\\Middleware\\StartSession.php(121): Illuminate\\Pipeline\\Pipeline->Illuminate\\Pipeline\\{closure}(Object(Illuminate\\Http\\Request))
#41 C:\\Users\\dell\\Desktop\\Vip_travel\\Vip_Travel_Project\\vendor\\laravel\\framework\\src\\Illuminate\\Session\\Middleware\\StartSession.php(64): Illuminate\\Session\\Middleware\\StartSession->handleStatefulRequest(Object(Illuminate\\Http\\Request), Object(Illuminate\\Session\\Store), Object(Closure))
#42 C:\\Users\\dell\\Desktop\\Vip_travel\\Vip_Travel_Project\\vendor\\laravel\\framework\\src\\Illuminate\\Pipeline\\Pipeline.php(183): Illuminate\\Session\\Middleware\\StartSession->handle(Object(Illuminate\\Http\\Request), Object(Closure))
#43 C:\\Users\\dell\\Desktop\\Vip_travel\\Vip_Travel_Project\\vendor\\laravel\\framework\\src\\Illuminate\\Cookie\\Middleware\\AddQueuedCookiesToResponse.php(37): Illuminate\\Pipeline\\Pipeline->Illuminate\\Pipeline\\{closure}(Object(Illuminate\\Http\\Request))
#44 C:\\Users\\dell\\Desktop\\Vip_travel\\Vip_Travel_Project\\vendor\\laravel\\framework\\src\\Illuminate\\Pipeline\\Pipeline.php(183): Illuminate\\Cookie\\Middleware\\AddQueuedCookiesToResponse->handle(Object(Illuminate\\Http\\Request), Object(Closure))
#45 C:\\Users\\dell\\Desktop\\Vip_travel\\Vip_Travel_Project\\vendor\\laravel\\framework\\src\\Illuminate\\Cookie\\Middleware\\EncryptCookies.php(67): Illuminate\\Pipeline\\Pipeline->Illuminate\\Pipeline\\{closure}(Object(Illuminate\\Http\\Request))
#46 C:\\Users\\dell\\Desktop\\Vip_travel\\Vip_Travel_Project\\vendor\\laravel\\framework\\src\\Illuminate\\Pipeline\\Pipeline.php(183): Illuminate\\Cookie\\Middleware\\EncryptCookies->handle(Object(Illuminate\\Http\\Request), Object(Closure))
#47 C:\\Users\\dell\\Desktop\\Vip_travel\\Vip_Travel_Project\\vendor\\laravel\\framework\\src\\Illuminate\\Pipeline\\Pipeline.php(119): Illuminate\\Pipeline\\Pipeline->Illuminate\\Pipeline\\{closure}(Object(Illuminate\\Http\\Request))
#48 C:\\Users\\dell\\Desktop\\Vip_travel\\Vip_Travel_Project\\vendor\\laravel\\framework\\src\\Illuminate\\Routing\\Router.php(805): Illuminate\\Pipeline\\Pipeline->then(Object(Closure))
#49 C:\\Users\\dell\\Desktop\\Vip_travel\\Vip_Travel_Project\\vendor\\laravel\\framework\\src\\Illuminate\\Routing\\Router.php(784): Illuminate\\Routing\\Router->runRouteWithinStack(Object(Illuminate\\Routing\\Route), Object(Illuminate\\Http\\Request))
#50 C:\\Users\\dell\\Desktop\\Vip_travel\\Vip_Travel_Project\\vendor\\laravel\\framework\\src\\Illuminate\\Routing\\Router.php(748): Illuminate\\Routing\\Router->runRoute(Object(Illuminate\\Http\\Request), Object(Illuminate\\Routing\\Route))
#51 C:\\Users\\dell\\Desktop\\Vip_travel\\Vip_Travel_Project\\vendor\\laravel\\framework\\src\\Illuminate\\Routing\\Router.php(737): Illuminate\\Routing\\Router->dispatchToRoute(Object(Illuminate\\Http\\Request))
#52 C:\\Users\\dell\\Desktop\\Vip_travel\\Vip_Travel_Project\\vendor\\laravel\\framework\\src\\Illuminate\\Foundation\\Http\\Kernel.php(200): Illuminate\\Routing\\Router->dispatch(Object(Illuminate\\Http\\Request))
#53 C:\\Users\\dell\\Desktop\\Vip_travel\\Vip_Travel_Project\\vendor\\laravel\\framework\\src\\Illuminate\\Pipeline\\Pipeline.php(144): Illuminate\\Foundation\\Http\\Kernel->Illuminate\\Foundation\\Http\\{closure}(Object(Illuminate\\Http\\Request))
#54 C:\\Users\\dell\\Desktop\\Vip_travel\\Vip_Travel_Project\\themes\\Base\\Core\\Middleware\\RunUpdater.php(73): Illuminate\\Pipeline\\Pipeline->Illuminate\\Pipeline\\{closure}(Object(Illuminate\\Http\\Request))
#55 C:\\Users\\dell\\Desktop\\Vip_travel\\Vip_Travel_Project\\vendor\\laravel\\framework\\src\\Illuminate\\Pipeline\\Pipeline.php(183): Themes\\Base\\Core\\Middleware\\RunUpdater->handle(Object(Illuminate\\Http\\Request), Object(Closure))
#56 C:\\Users\\dell\\Desktop\\Vip_travel\\Vip_Travel_Project\\vendor\\barryvdh\\laravel-debugbar\\src\\Middleware\\InjectDebugbar.php(59): Illuminate\\Pipeline\\Pipeline->Illuminate\\Pipeline\\{closure}(Object(Illuminate\\Http\\Request))
#57 C:\\Users\\dell\\Desktop\\Vip_travel\\Vip_Travel_Project\\vendor\\laravel\\framework\\src\\Illuminate\\Pipeline\\Pipeline.php(183): Barryvdh\\Debugbar\\Middleware\\InjectDebugbar->handle(Object(Illuminate\\Http\\Request), Object(Closure))
#58 C:\\Users\\dell\\Desktop\\Vip_travel\\Vip_Travel_Project\\vendor\\laravel\\framework\\src\\Illuminate\\Foundation\\Http\\Middleware\\TransformsRequest.php(21): Illuminate\\Pipeline\\Pipeline->Illuminate\\Pipeline\\{closure}(Object(Illuminate\\Http\\Request))
#59 C:\\Users\\dell\\Desktop\\Vip_travel\\Vip_Travel_Project\\vendor\\laravel\\framework\\src\\Illuminate\\Foundation\\Http\\Middleware\\ConvertEmptyStringsToNull.php(31): Illuminate\\Foundation\\Http\\Middleware\\TransformsRequest->handle(Object(Illuminate\\Http\\Request), Object(Closure))
#60 C:\\Users\\dell\\Desktop\\Vip_travel\\Vip_Travel_Project\\vendor\\laravel\\framework\\src\\Illuminate\\Pipeline\\Pipeline.php(183): Illuminate\\Foundation\\Http\\Middleware\\ConvertEmptyStringsToNull->handle(Object(Illuminate\\Http\\Request), Object(Closure))
#61 C:\\Users\\dell\\Desktop\\Vip_travel\\Vip_Travel_Project\\vendor\\laravel\\framework\\src\\Illuminate\\Foundation\\Http\\Middleware\\TransformsRequest.php(21): Illuminate\\Pipeline\\Pipeline->Illuminate\\Pipeline\\{closure}(Object(Illuminate\\Http\\Request))
#62 C:\\Users\\dell\\Desktop\\Vip_travel\\Vip_Travel_Project\\vendor\\laravel\\framework\\src\\Illuminate\\Foundation\\Http\\Middleware\\TrimStrings.php(40): Illuminate\\Foundation\\Http\\Middleware\\TransformsRequest->handle(Object(Illuminate\\Http\\Request), Object(Closure))
#63 C:\\Users\\dell\\Desktop\\Vip_travel\\Vip_Travel_Project\\vendor\\laravel\\framework\\src\\Illuminate\\Pipeline\\Pipeline.php(183): Illuminate\\Foundation\\Http\\Middleware\\TrimStrings->handle(Object(Illuminate\\Http\\Request), Object(Closure))
#64 C:\\Users\\dell\\Desktop\\Vip_travel\\Vip_Travel_Project\\vendor\\laravel\\framework\\src\\Illuminate\\Foundation\\Http\\Middleware\\ValidatePostSize.php(27): Illuminate\\Pipeline\\Pipeline->Illuminate\\Pipeline\\{closure}(Object(Illuminate\\Http\\Request))
#65 C:\\Users\\dell\\Desktop\\Vip_travel\\Vip_Travel_Project\\vendor\\laravel\\framework\\src\\Illuminate\\Pipeline\\Pipeline.php(183): Illuminate\\Foundation\\Http\\Middleware\\ValidatePostSize->handle(Object(Illuminate\\Http\\Request), Object(Closure))
#66 C:\\Users\\dell\\Desktop\\Vip_travel\\Vip_Travel_Project\\vendor\\laravel\\framework\\src\\Illuminate\\Foundation\\Http\\Middleware\\PreventRequestsDuringMaintenance.php(99): Illuminate\\Pipeline\\Pipeline->Illuminate\\Pipeline\\{closure}(Object(Illuminate\\Http\\Request))
#67 C:\\Users\\dell\\Desktop\\Vip_travel\\Vip_Travel_Project\\vendor\\laravel\\framework\\src\\Illuminate\\Pipeline\\Pipeline.php(183): Illuminate\\Foundation\\Http\\Middleware\\PreventRequestsDuringMaintenance->handle(Object(Illuminate\\Http\\Request), Object(Closure))
#68 C:\\Users\\dell\\Desktop\\Vip_travel\\Vip_Travel_Project\\vendor\\laravel\\framework\\src\\Illuminate\\Http\\Middleware\\HandleCors.php(49): Illuminate\\Pipeline\\Pipeline->Illuminate\\Pipeline\\{closure}(Object(Illuminate\\Http\\Request))
#69 C:\\Users\\dell\\Desktop\\Vip_travel\\Vip_Travel_Project\\vendor\\laravel\\framework\\src\\Illuminate\\Pipeline\\Pipeline.php(183): Illuminate\\Http\\Middleware\\HandleCors->handle(Object(Illuminate\\Http\\Request), Object(Closure))
#70 C:\\Users\\dell\\Desktop\\Vip_travel\\Vip_Travel_Project\\app\\Http\\Middleware\\RedirectToInstaller.php(40): Illuminate\\Pipeline\\Pipeline->Illuminate\\Pipeline\\{closure}(Object(Illuminate\\Http\\Request))
#71 C:\\Users\\dell\\Desktop\\Vip_travel\\Vip_Travel_Project\\vendor\\laravel\\framework\\src\\Illuminate\\Pipeline\\Pipeline.php(183): App\\Http\\Middleware\\RedirectToInstaller->handle(Object(Illuminate\\Http\\Request), Object(Closure))
#72 C:\\Users\\dell\\Desktop\\Vip_travel\\Vip_Travel_Project\\vendor\\laravel\\framework\\src\\Illuminate\\Http\\Middleware\\TrustProxies.php(39): Illuminate\\Pipeline\\Pipeline->Illuminate\\Pipeline\\{closure}(Object(Illuminate\\Http\\Request))
#73 C:\\Users\\dell\\Desktop\\Vip_travel\\Vip_Travel_Project\\vendor\\laravel\\framework\\src\\Illuminate\\Pipeline\\Pipeline.php(183): Illuminate\\Http\\Middleware\\TrustProxies->handle(Object(Illuminate\\Http\\Request), Object(Closure))
#74 C:\\Users\\dell\\Desktop\\Vip_travel\\Vip_Travel_Project\\vendor\\laravel\\framework\\src\\Illuminate\\Pipeline\\Pipeline.php(119): Illuminate\\Pipeline\\Pipeline->Illuminate\\Pipeline\\{closure}(Object(Illuminate\\Http\\Request))
#75 C:\\Users\\dell\\Desktop\\Vip_travel\\Vip_Travel_Project\\vendor\\laravel\\framework\\src\\Illuminate\\Foundation\\Http\\Kernel.php(175): Illuminate\\Pipeline\\Pipeline->then(Object(Closure))
#76 C:\\Users\\dell\\Desktop\\Vip_travel\\Vip_Travel_Project\\vendor\\laravel\\framework\\src\\Illuminate\\Foundation\\Http\\Kernel.php(144): Illuminate\\Foundation\\Http\\Kernel->sendRequestThroughRouter(Object(Illuminate\\Http\\Request))
#77 C:\\Users\\dell\\Desktop\\Vip_travel\\Vip_Travel_Project\\public\\index.php(77): Illuminate\\Foundation\\Http\\Kernel->handle(Object(Illuminate\\Http\\Request))
#78 C:\\Users\\dell\\Desktop\\Vip_travel\\Vip_Travel_Project\\server.php(21): require_once('C:\\\\Users\\\\dell\\\\D...')
#79 {main}

[previous exception] [object] (PDOException(code: 42S22): SQLSTATE[42S22]: Column not found: 1054 Unknown column 'business_name' in 'field list' at C:\\Users\\dell\\Desktop\\Vip_travel\\Vip_Travel_Project\\vendor\\laravel\\framework\\src\\Illuminate\\Database\\Connection.php:423)
[stacktrace]
#0 C:\\Users\\dell\\Desktop\\Vip_travel\\Vip_Travel_Project\\vendor\\laravel\\framework\\src\\Illuminate\\Database\\Connection.php(423): PDO->prepare('select `busines...')
#1 C:\\Users\\dell\\Desktop\\Vip_travel\\Vip_Travel_Project\\vendor\\laravel\\framework\\src\\Illuminate\\Database\\Connection.php(816): Illuminate\\Database\\Connection->Illuminate\\Database\\{closure}('select `busines...', Array)
#2 C:\\Users\\dell\\Desktop\\Vip_travel\\Vip_Travel_Project\\vendor\\laravel\\framework\\src\\Illuminate\\Database\\Connection.php(783): Illuminate\\Database\\Connection->runQueryCallback('select `busines...', Array, Object(Closure))
#3 C:\\Users\\dell\\Desktop\\Vip_travel\\Vip_Travel_Project\\vendor\\laravel\\framework\\src\\Illuminate\\Database\\Connection.php(414): Illuminate\\Database\\Connection->run('select `busines...', Array, Object(Closure))
#4 C:\\Users\\dell\\Desktop\\Vip_travel\\Vip_Travel_Project\\vendor\\laravel\\framework\\src\\Illuminate\\Database\\Query\\Builder.php(2871): Illuminate\\Database\\Connection->select('select `busines...', Array, true)
#5 C:\\Users\\dell\\Desktop\\Vip_travel\\Vip_Travel_Project\\vendor\\laravel\\framework\\src\\Illuminate\\Database\\Query\\Builder.php(2860): Illuminate\\Database\\Query\\Builder->runSelect()
#6 C:\\Users\\dell\\Desktop\\Vip_travel\\Vip_Travel_Project\\vendor\\laravel\\framework\\src\\Illuminate\\Database\\Query\\Builder.php(3414): Illuminate\\Database\\Query\\Builder->Illuminate\\Database\\Query\\{closure}()
#7 C:\\Users\\dell\\Desktop\\Vip_travel\\Vip_Travel_Project\\vendor\\laravel\\framework\\src\\Illuminate\\Database\\Query\\Builder.php(2859): Illuminate\\Database\\Query\\Builder->onceWithColumns(Array, Object(Closure))
#8 C:\\Users\\dell\\Desktop\\Vip_travel\\Vip_Travel_Project\\vendor\\laravel\\framework\\src\\Illuminate\\Database\\Eloquent\\Builder.php(739): Illuminate\\Database\\Query\\Builder->get(Array)
#9 C:\\Users\\dell\\Desktop\\Vip_travel\\Vip_Travel_Project\\vendor\\laravel\\framework\\src\\Illuminate\\Database\\Eloquent\\Builder.php(723): Illuminate\\Database\\Eloquent\\Builder->getModels(Array)
#10 C:\\Users\\dell\\Desktop\\Vip_travel\\Vip_Travel_Project\\modules\\User\\Exports\\UserExport.php(29): Illuminate\\Database\\Eloquent\\Builder->get()
#11 C:\\Users\\dell\\Desktop\\Vip_travel\\Vip_Travel_Project\\vendor\\maatwebsite\\excel\\src\\Sheet.php(503): Modules\\User\\Exports\\UserExport->collection()
#12 C:\\Users\\dell\\Desktop\\Vip_travel\\Vip_Travel_Project\\vendor\\maatwebsite\\excel\\src\\Sheet.php(216): Maatwebsite\\Excel\\Sheet->fromCollection(Object(Modules\\User\\Exports\\UserExport))
#13 C:\\Users\\dell\\Desktop\\Vip_travel\\Vip_Travel_Project\\vendor\\maatwebsite\\excel\\src\\Writer.php(72): Maatwebsite\\Excel\\Sheet->export(Object(Modules\\User\\Exports\\UserExport))
#14 C:\\Users\\dell\\Desktop\\Vip_travel\\Vip_Travel_Project\\vendor\\maatwebsite\\excel\\src\\Excel.php(203): Maatwebsite\\Excel\\Writer->export(Object(Modules\\User\\Exports\\UserExport), 'Xlsx')
#15 C:\\Users\\dell\\Desktop\\Vip_travel\\Vip_Travel_Project\\vendor\\maatwebsite\\excel\\src\\Excel.php(90): Maatwebsite\\Excel\\Excel->export(Object(Modules\\User\\Exports\\UserExport), 'user-Sep-02-202...', 'Xlsx')
#16 C:\\Users\\dell\\Desktop\\Vip_travel\\Vip_Travel_Project\\vendor\\maatwebsite\\excel\\src\\Concerns\\Exportable.php(30): Maatwebsite\\Excel\\Excel->download(Object(Modules\\User\\Exports\\UserExport), 'user-Sep-02-202...', NULL, Array)
#17 C:\\Users\\dell\\Desktop\\Vip_travel\\Vip_Travel_Project\\modules\\User\\Admin\\UserController.php(415): Modules\\User\\Exports\\UserExport->download('user-Sep-02-202...')
#18 C:\\Users\\dell\\Desktop\\Vip_travel\\Vip_Travel_Project\\vendor\\laravel\\framework\\src\\Illuminate\\Routing\\Controller.php(54): Modules\\User\\Admin\\UserController->export()
#19 C:\\Users\\dell\\Desktop\\Vip_travel\\Vip_Travel_Project\\vendor\\laravel\\framework\\src\\Illuminate\\Routing\\ControllerDispatcher.php(43): Illuminate\\Routing\\Controller->callAction('export', Array)
#20 C:\\Users\\dell\\Desktop\\Vip_travel\\Vip_Travel_Project\\vendor\\laravel\\framework\\src\\Illuminate\\Routing\\Route.php(259): Illuminate\\Routing\\ControllerDispatcher->dispatch(Object(Illuminate\\Routing\\Route), Object(Modules\\User\\Admin\\UserController), 'export')
#21 C:\\Users\\dell\\Desktop\\Vip_travel\\Vip_Travel_Project\\vendor\\laravel\\framework\\src\\Illuminate\\Routing\\Route.php(205): Illuminate\\Routing\\Route->runController()
#22 C:\\Users\\dell\\Desktop\\Vip_travel\\Vip_Travel_Project\\vendor\\laravel\\framework\\src\\Illuminate\\Routing\\Router.php(806): Illuminate\\Routing\\Route->run()
#23 C:\\Users\\dell\\Desktop\\Vip_travel\\Vip_Travel_Project\\vendor\\laravel\\framework\\src\\Illuminate\\Pipeline\\Pipeline.php(144): Illuminate\\Routing\\Router->Illuminate\\Routing\\{closure}(Object(Illuminate\\Http\\Request))
#24 C:\\Users\\dell\\Desktop\\Vip_travel\\Vip_Travel_Project\\app\\Http\\Middleware\\Dashboard.php(25): Illuminate\\Pipeline\\Pipeline->Illuminate\\Pipeline\\{closure}(Object(Illuminate\\Http\\Request))
#25 C:\\Users\\dell\\Desktop\\Vip_travel\\Vip_Travel_Project\\vendor\\laravel\\framework\\src\\Illuminate\\Pipeline\\Pipeline.php(183): App\\Http\\Middleware\\Dashboard->handle(Object(Illuminate\\Http\\Request), Object(Closure))
#26 C:\\Users\\dell\\Desktop\\Vip_travel\\Vip_Travel_Project\\app\\Http\\Middleware\\RequireChangePassword.php(41): Illuminate\\Pipeline\\Pipeline->Illuminate\\Pipeline\\{closure}(Object(Illuminate\\Http\\Request))
#27 C:\\Users\\dell\\Desktop\\Vip_travel\\Vip_Travel_Project\\vendor\\laravel\\framework\\src\\Illuminate\\Pipeline\\Pipeline.php(183): App\\Http\\Middleware\\RequireChangePassword->handle(Object(Illuminate\\Http\\Request), Object(Closure))
#28 C:\\Users\\dell\\Desktop\\Vip_travel\\Vip_Travel_Project\\app\\Http\\Middleware\\SetLanguageForAdmin.php(37): Illuminate\\Pipeline\\Pipeline->Illuminate\\Pipeline\\{closure}(Object(Illuminate\\Http\\Request))
#29 C:\\Users\\dell\\Desktop\\Vip_travel\\Vip_Travel_Project\\vendor\\laravel\\framework\\src\\Illuminate\\Pipeline\\Pipeline.php(183): App\\Http\\Middleware\\SetLanguageForAdmin->handle(Object(Illuminate\\Http\\Request), Object(Closure))
#30 C:\\Users\\dell\\Desktop\\Vip_travel\\Vip_Travel_Project\\app\\Http\\Middleware\\SetCurrentCurrency.php(48): Illuminate\\Pipeline\\Pipeline->Illuminate\\Pipeline\\{closure}(Object(Illuminate\\Http\\Request))
#31 C:\\Users\\dell\\Desktop\\Vip_travel\\Vip_Travel_Project\\vendor\\laravel\\framework\\src\\Illuminate\\Pipeline\\Pipeline.php(183): App\\Http\\Middleware\\SetCurrentCurrency->handle(Object(Illuminate\\Http\\Request), Object(Closure))
#32 C:\\Users\\dell\\Desktop\\Vip_travel\\Vip_Travel_Project\\app\\Http\\Middleware\\HideDebugbar.php(32): Illuminate\\Pipeline\\Pipeline->Illuminate\\Pipeline\\{closure}(Object(Illuminate\\Http\\Request))
#33 C:\\Users\\dell\\Desktop\\Vip_travel\\Vip_Travel_Project\\vendor\\laravel\\framework\\src\\Illuminate\\Pipeline\\Pipeline.php(183): App\\Http\\Middleware\\HideDebugbar->handle(Object(Illuminate\\Http\\Request), Object(Closure))
#34 C:\\Users\\dell\\Desktop\\Vip_travel\\Vip_Travel_Project\\app\\Http\\Middleware\\RedirectForMultiLanguage.php(58): Illuminate\\Pipeline\\Pipeline->Illuminate\\Pipeline\\{closure}(Object(Illuminate\\Http\\Request))
#35 C:\\Users\\dell\\Desktop\\Vip_travel\\Vip_Travel_Project\\vendor\\laravel\\framework\\src\\Illuminate\\Pipeline\\Pipeline.php(183): App\\Http\\Middleware\\RedirectForMultiLanguage->handle(Object(Illuminate\\Http\\Request), Object(Closure))
#36 C:\\Users\\dell\\Desktop\\Vip_travel\\Vip_Travel_Project\\vendor\\laravel\\framework\\src\\Illuminate\\Routing\\Middleware\\SubstituteBindings.php(50): Illuminate\\Pipeline\\Pipeline->Illuminate\\Pipeline\\{closure}(Object(Illuminate\\Http\\Request))
#37 C:\\Users\\dell\\Desktop\\Vip_travel\\Vip_Travel_Project\\vendor\\laravel\\framework\\src\\Illuminate\\Pipeline\\Pipeline.php(183): Illuminate\\Routing\\Middleware\\SubstituteBindings->handle(Object(Illuminate\\Http\\Request), Object(Closure))
#38 C:\\Users\\dell\\Desktop\\Vip_travel\\Vip_Travel_Project\\vendor\\laravel\\framework\\src\\Illuminate\\Foundation\\Http\\Middleware\\VerifyCsrfToken.php(78): Illuminate\\Pipeline\\Pipeline->Illuminate\\Pipeline\\{closure}(Object(Illuminate\\Http\\Request))
#39 C:\\Users\\dell\\Desktop\\Vip_travel\\Vip_Travel_Project\\vendor\\laravel\\framework\\src\\Illuminate\\Pipeline\\Pipeline.php(183): Illuminate\\Foundation\\Http\\Middleware\\VerifyCsrfToken->handle(Object(Illuminate\\Http\\Request), Object(Closure))
#40 C:\\Users\\dell\\Desktop\\Vip_travel\\Vip_Travel_Project\\vendor\\laravel\\framework\\src\\Illuminate\\View\\Middleware\\ShareErrorsFromSession.php(49): Illuminate\\Pipeline\\Pipeline->Illuminate\\Pipeline\\{closure}(Object(Illuminate\\Http\\Request))
#41 C:\\Users\\dell\\Desktop\\Vip_travel\\Vip_Travel_Project\\vendor\\laravel\\framework\\src\\Illuminate\\Pipeline\\Pipeline.php(183): Illuminate\\View\\Middleware\\ShareErrorsFromSession->handle(Object(Illuminate\\Http\\Request), Object(Closure))
#42 C:\\Users\\dell\\Desktop\\Vip_travel\\Vip_Travel_Project\\vendor\\laravel\\framework\\src\\Illuminate\\Session\\Middleware\\StartSession.php(121): Illuminate\\Pipeline\\Pipeline->Illuminate\\Pipeline\\{closure}(Object(Illuminate\\Http\\Request))
#43 C:\\Users\\dell\\Desktop\\Vip_travel\\Vip_Travel_Project\\vendor\\laravel\\framework\\src\\Illuminate\\Session\\Middleware\\StartSession.php(64): Illuminate\\Session\\Middleware\\StartSession->handleStatefulRequest(Object(Illuminate\\Http\\Request), Object(Illuminate\\Session\\Store), Object(Closure))
#44 C:\\Users\\dell\\Desktop\\Vip_travel\\Vip_Travel_Project\\vendor\\laravel\\framework\\src\\Illuminate\\Pipeline\\Pipeline.php(183): Illuminate\\Session\\Middleware\\StartSession->handle(Object(Illuminate\\Http\\Request), Object(Closure))
#45 C:\\Users\\dell\\Desktop\\Vip_travel\\Vip_Travel_Project\\vendor\\laravel\\framework\\src\\Illuminate\\Cookie\\Middleware\\AddQueuedCookiesToResponse.php(37): Illuminate\\Pipeline\\Pipeline->Illuminate\\Pipeline\\{closure}(Object(Illuminate\\Http\\Request))
#46 C:\\Users\\dell\\Desktop\\Vip_travel\\Vip_Travel_Project\\vendor\\laravel\\framework\\src\\Illuminate\\Pipeline\\Pipeline.php(183): Illuminate\\Cookie\\Middleware\\AddQueuedCookiesToResponse->handle(Object(Illuminate\\Http\\Request), Object(Closure))
#47 C:\\Users\\dell\\Desktop\\Vip_travel\\Vip_Travel_Project\\vendor\\laravel\\framework\\src\\Illuminate\\Cookie\\Middleware\\EncryptCookies.php(67): Illuminate\\Pipeline\\Pipeline->Illuminate\\Pipeline\\{closure}(Object(Illuminate\\Http\\Request))
#48 C:\\Users\\dell\\Desktop\\Vip_travel\\Vip_Travel_Project\\vendor\\laravel\\framework\\src\\Illuminate\\Pipeline\\Pipeline.php(183): Illuminate\\Cookie\\Middleware\\EncryptCookies->handle(Object(Illuminate\\Http\\Request), Object(Closure))
#49 C:\\Users\\dell\\Desktop\\Vip_travel\\Vip_Travel_Project\\vendor\\laravel\\framework\\src\\Illuminate\\Pipeline\\Pipeline.php(119): Illuminate\\Pipeline\\Pipeline->Illuminate\\Pipeline\\{closure}(Object(Illuminate\\Http\\Request))
#50 C:\\Users\\dell\\Desktop\\Vip_travel\\Vip_Travel_Project\\vendor\\laravel\\framework\\src\\Illuminate\\Routing\\Router.php(805): Illuminate\\Pipeline\\Pipeline->then(Object(Closure))
#51 C:\\Users\\dell\\Desktop\\Vip_travel\\Vip_Travel_Project\\vendor\\laravel\\framework\\src\\Illuminate\\Routing\\Router.php(784): Illuminate\\Routing\\Router->runRouteWithinStack(Object(Illuminate\\Routing\\Route), Object(Illuminate\\Http\\Request))
#52 C:\\Users\\dell\\Desktop\\Vip_travel\\Vip_Travel_Project\\vendor\\laravel\\framework\\src\\Illuminate\\Routing\\Router.php(748): Illuminate\\Routing\\Router->runRoute(Object(Illuminate\\Http\\Request), Object(Illuminate\\Routing\\Route))
#53 C:\\Users\\dell\\Desktop\\Vip_travel\\Vip_Travel_Project\\vendor\\laravel\\framework\\src\\Illuminate\\Routing\\Router.php(737): Illuminate\\Routing\\Router->dispatchToRoute(Object(Illuminate\\Http\\Request))
#54 C:\\Users\\dell\\Desktop\\Vip_travel\\Vip_Travel_Project\\vendor\\laravel\\framework\\src\\Illuminate\\Foundation\\Http\\Kernel.php(200): Illuminate\\Routing\\Router->dispatch(Object(Illuminate\\Http\\Request))
#55 C:\\Users\\dell\\Desktop\\Vip_travel\\Vip_Travel_Project\\vendor\\laravel\\framework\\src\\Illuminate\\Pipeline\\Pipeline.php(144): Illuminate\\Foundation\\Http\\Kernel->Illuminate\\Foundation\\Http\\{closure}(Object(Illuminate\\Http\\Request))
#56 C:\\Users\\dell\\Desktop\\Vip_travel\\Vip_Travel_Project\\themes\\Base\\Core\\Middleware\\RunUpdater.php(73): Illuminate\\Pipeline\\Pipeline->Illuminate\\Pipeline\\{closure}(Object(Illuminate\\Http\\Request))
#57 C:\\Users\\dell\\Desktop\\Vip_travel\\Vip_Travel_Project\\vendor\\laravel\\framework\\src\\Illuminate\\Pipeline\\Pipeline.php(183): Themes\\Base\\Core\\Middleware\\RunUpdater->handle(Object(Illuminate\\Http\\Request), Object(Closure))
#58 C:\\Users\\dell\\Desktop\\Vip_travel\\Vip_Travel_Project\\vendor\\barryvdh\\laravel-debugbar\\src\\Middleware\\InjectDebugbar.php(59): Illuminate\\Pipeline\\Pipeline->Illuminate\\Pipeline\\{closure}(Object(Illuminate\\Http\\Request))
#59 C:\\Users\\dell\\Desktop\\Vip_travel\\Vip_Travel_Project\\vendor\\laravel\\framework\\src\\Illuminate\\Pipeline\\Pipeline.php(183): Barryvdh\\Debugbar\\Middleware\\InjectDebugbar->handle(Object(Illuminate\\Http\\Request), Object(Closure))
#60 C:\\Users\\dell\\Desktop\\Vip_travel\\Vip_Travel_Project\\vendor\\laravel\\framework\\src\\Illuminate\\Foundation\\Http\\Middleware\\TransformsRequest.php(21): Illuminate\\Pipeline\\Pipeline->Illuminate\\Pipeline\\{closure}(Object(Illuminate\\Http\\Request))
#61 C:\\Users\\dell\\Desktop\\Vip_travel\\Vip_Travel_Project\\vendor\\laravel\\framework\\src\\Illuminate\\Foundation\\Http\\Middleware\\ConvertEmptyStringsToNull.php(31): Illuminate\\Foundation\\Http\\Middleware\\TransformsRequest->handle(Object(Illuminate\\Http\\Request), Object(Closure))
#62 C:\\Users\\dell\\Desktop\\Vip_travel\\Vip_Travel_Project\\vendor\\laravel\\framework\\src\\Illuminate\\Pipeline\\Pipeline.php(183): Illuminate\\Foundation\\Http\\Middleware\\ConvertEmptyStringsToNull->handle(Object(Illuminate\\Http\\Request), Object(Closure))
#63 C:\\Users\\dell\\Desktop\\Vip_travel\\Vip_Travel_Project\\vendor\\laravel\\framework\\src\\Illuminate\\Foundation\\Http\\Middleware\\TransformsRequest.php(21): Illuminate\\Pipeline\\Pipeline->Illuminate\\Pipeline\\{closure}(Object(Illuminate\\Http\\Request))
#64 C:\\Users\\dell\\Desktop\\Vip_travel\\Vip_Travel_Project\\vendor\\laravel\\framework\\src\\Illuminate\\Foundation\\Http\\Middleware\\TrimStrings.php(40): Illuminate\\Foundation\\Http\\Middleware\\TransformsRequest->handle(Object(Illuminate\\Http\\Request), Object(Closure))
#65 C:\\Users\\dell\\Desktop\\Vip_travel\\Vip_Travel_Project\\vendor\\laravel\\framework\\src\\Illuminate\\Pipeline\\Pipeline.php(183): Illuminate\\Foundation\\Http\\Middleware\\TrimStrings->handle(Object(Illuminate\\Http\\Request), Object(Closure))
#66 C:\\Users\\dell\\Desktop\\Vip_travel\\Vip_Travel_Project\\vendor\\laravel\\framework\\src\\Illuminate\\Foundation\\Http\\Middleware\\ValidatePostSize.php(27): Illuminate\\Pipeline\\Pipeline->Illuminate\\Pipeline\\{closure}(Object(Illuminate\\Http\\Request))
#67 C:\\Users\\dell\\Desktop\\Vip_travel\\Vip_Travel_Project\\vendor\\laravel\\framework\\src\\Illuminate\\Pipeline\\Pipeline.php(183): Illuminate\\Foundation\\Http\\Middleware\\ValidatePostSize->handle(Object(Illuminate\\Http\\Request), Object(Closure))
#68 C:\\Users\\dell\\Desktop\\Vip_travel\\Vip_Travel_Project\\vendor\\laravel\\framework\\src\\Illuminate\\Foundation\\Http\\Middleware\\PreventRequestsDuringMaintenance.php(99): Illuminate\\Pipeline\\Pipeline->Illuminate\\Pipeline\\{closure}(Object(Illuminate\\Http\\Request))
#69 C:\\Users\\dell\\Desktop\\Vip_travel\\Vip_Travel_Project\\vendor\\laravel\\framework\\src\\Illuminate\\Pipeline\\Pipeline.php(183): Illuminate\\Foundation\\Http\\Middleware\\PreventRequestsDuringMaintenance->handle(Object(Illuminate\\Http\\Request), Object(Closure))
#70 C:\\Users\\dell\\Desktop\\Vip_travel\\Vip_Travel_Project\\vendor\\laravel\\framework\\src\\Illuminate\\Http\\Middleware\\HandleCors.php(49): Illuminate\\Pipeline\\Pipeline->Illuminate\\Pipeline\\{closure}(Object(Illuminate\\Http\\Request))
#71 C:\\Users\\dell\\Desktop\\Vip_travel\\Vip_Travel_Project\\vendor\\laravel\\framework\\src\\Illuminate\\Pipeline\\Pipeline.php(183): Illuminate\\Http\\Middleware\\HandleCors->handle(Object(Illuminate\\Http\\Request), Object(Closure))
#72 C:\\Users\\dell\\Desktop\\Vip_travel\\Vip_Travel_Project\\app\\Http\\Middleware\\RedirectToInstaller.php(40): Illuminate\\Pipeline\\Pipeline->Illuminate\\Pipeline\\{closure}(Object(Illuminate\\Http\\Request))
#73 C:\\Users\\dell\\Desktop\\Vip_travel\\Vip_Travel_Project\\vendor\\laravel\\framework\\src\\Illuminate\\Pipeline\\Pipeline.php(183): App\\Http\\Middleware\\RedirectToInstaller->handle(Object(Illuminate\\Http\\Request), Object(Closure))
#74 C:\\Users\\dell\\Desktop\\Vip_travel\\Vip_Travel_Project\\vendor\\laravel\\framework\\src\\Illuminate\\Http\\Middleware\\TrustProxies.php(39): Illuminate\\Pipeline\\Pipeline->Illuminate\\Pipeline\\{closure}(Object(Illuminate\\Http\\Request))
#75 C:\\Users\\dell\\Desktop\\Vip_travel\\Vip_Travel_Project\\vendor\\laravel\\framework\\src\\Illuminate\\Pipeline\\Pipeline.php(183): Illuminate\\Http\\Middleware\\TrustProxies->handle(Object(Illuminate\\Http\\Request), Object(Closure))
#76 C:\\Users\\dell\\Desktop\\Vip_travel\\Vip_Travel_Project\\vendor\\laravel\\framework\\src\\Illuminate\\Pipeline\\Pipeline.php(119): Illuminate\\Pipeline\\Pipeline->Illuminate\\Pipeline\\{closure}(Object(Illuminate\\Http\\Request))
#77 C:\\Users\\dell\\Desktop\\Vip_travel\\Vip_Travel_Project\\vendor\\laravel\\framework\\src\\Illuminate\\Foundation\\Http\\Kernel.php(175): Illuminate\\Pipeline\\Pipeline->then(Object(Closure))
#78 C:\\Users\\dell\\Desktop\\Vip_travel\\Vip_Travel_Project\\vendor\\laravel\\framework\\src\\Illuminate\\Foundation\\Http\\Kernel.php(144): Illuminate\\Foundation\\Http\\Kernel->sendRequestThroughRouter(Object(Illuminate\\Http\\Request))
#79 C:\\Users\\dell\\Desktop\\Vip_travel\\Vip_Travel_Project\\public\\index.php(77): Illuminate\\Foundation\\Http\\Kernel->handle(Object(Illuminate\\Http\\Request))
#80 C:\\Users\\dell\\Desktop\\Vip_travel\\Vip_Travel_Project\\server.php(21): require_once('C:\\\\Users\\\\dell\\\\D...')
#81 {main}
"} 
[2024-09-02 03:20:55] production.ERROR: SQLSTATE[42S22]: Column not found: 1054 Unknown column 'role' in 'field list' (Connection: mysql, SQL: select `first_name`, `last_name`, `email`, `phone`, `address`, `city`, `role` from `users` where `users`.`deleted_at` is null) {"userId":24,"exception":"[object] (Illuminate\\Database\\QueryException(code: 42S22): SQLSTATE[42S22]: Column not found: 1054 Unknown column 'role' in 'field list' (Connection: mysql, SQL: select `first_name`, `last_name`, `email`, `phone`, `address`, `city`, `role` from `users` where `users`.`deleted_at` is null) at C:\\Users\\dell\\Desktop\\Vip_travel\\Vip_Travel_Project\\vendor\\laravel\\framework\\src\\Illuminate\\Database\\Connection.php:829)
[stacktrace]
#0 C:\\Users\\dell\\Desktop\\Vip_travel\\Vip_Travel_Project\\vendor\\laravel\\framework\\src\\Illuminate\\Database\\Connection.php(783): Illuminate\\Database\\Connection->runQueryCallback('select `first_n...', Array, Object(Closure))
#1 C:\\Users\\dell\\Desktop\\Vip_travel\\Vip_Travel_Project\\vendor\\laravel\\framework\\src\\Illuminate\\Database\\Connection.php(414): Illuminate\\Database\\Connection->run('select `first_n...', Array, Object(Closure))
#2 C:\\Users\\dell\\Desktop\\Vip_travel\\Vip_Travel_Project\\vendor\\laravel\\framework\\src\\Illuminate\\Database\\Query\\Builder.php(2871): Illuminate\\Database\\Connection->select('select `first_n...', Array, true)
#3 C:\\Users\\dell\\Desktop\\Vip_travel\\Vip_Travel_Project\\vendor\\laravel\\framework\\src\\Illuminate\\Database\\Query\\Builder.php(2860): Illuminate\\Database\\Query\\Builder->runSelect()
#4 C:\\Users\\dell\\Desktop\\Vip_travel\\Vip_Travel_Project\\vendor\\laravel\\framework\\src\\Illuminate\\Database\\Query\\Builder.php(3414): Illuminate\\Database\\Query\\Builder->Illuminate\\Database\\Query\\{closure}()
#5 C:\\Users\\dell\\Desktop\\Vip_travel\\Vip_Travel_Project\\vendor\\laravel\\framework\\src\\Illuminate\\Database\\Query\\Builder.php(2859): Illuminate\\Database\\Query\\Builder->onceWithColumns(Array, Object(Closure))
#6 C:\\Users\\dell\\Desktop\\Vip_travel\\Vip_Travel_Project\\vendor\\laravel\\framework\\src\\Illuminate\\Database\\Eloquent\\Builder.php(739): Illuminate\\Database\\Query\\Builder->get(Array)
#7 C:\\Users\\dell\\Desktop\\Vip_travel\\Vip_Travel_Project\\vendor\\laravel\\framework\\src\\Illuminate\\Database\\Eloquent\\Builder.php(723): Illuminate\\Database\\Eloquent\\Builder->getModels(Array)
#8 C:\\Users\\dell\\Desktop\\Vip_travel\\Vip_Travel_Project\\modules\\User\\Exports\\UserExport.php(25): Illuminate\\Database\\Eloquent\\Builder->get()
#9 C:\\Users\\dell\\Desktop\\Vip_travel\\Vip_Travel_Project\\vendor\\maatwebsite\\excel\\src\\Sheet.php(503): Modules\\User\\Exports\\UserExport->collection()
#10 C:\\Users\\dell\\Desktop\\Vip_travel\\Vip_Travel_Project\\vendor\\maatwebsite\\excel\\src\\Sheet.php(216): Maatwebsite\\Excel\\Sheet->fromCollection(Object(Modules\\User\\Exports\\UserExport))
#11 C:\\Users\\dell\\Desktop\\Vip_travel\\Vip_Travel_Project\\vendor\\maatwebsite\\excel\\src\\Writer.php(72): Maatwebsite\\Excel\\Sheet->export(Object(Modules\\User\\Exports\\UserExport))
#12 C:\\Users\\dell\\Desktop\\Vip_travel\\Vip_Travel_Project\\vendor\\maatwebsite\\excel\\src\\Excel.php(203): Maatwebsite\\Excel\\Writer->export(Object(Modules\\User\\Exports\\UserExport), 'Xlsx')
#13 C:\\Users\\dell\\Desktop\\Vip_travel\\Vip_Travel_Project\\vendor\\maatwebsite\\excel\\src\\Excel.php(90): Maatwebsite\\Excel\\Excel->export(Object(Modules\\User\\Exports\\UserExport), 'user-Sep-02-202...', 'Xlsx')
#14 C:\\Users\\dell\\Desktop\\Vip_travel\\Vip_Travel_Project\\vendor\\maatwebsite\\excel\\src\\Concerns\\Exportable.php(30): Maatwebsite\\Excel\\Excel->download(Object(Modules\\User\\Exports\\UserExport), 'user-Sep-02-202...', NULL, Array)
#15 C:\\Users\\dell\\Desktop\\Vip_travel\\Vip_Travel_Project\\modules\\User\\Admin\\UserController.php(415): Modules\\User\\Exports\\UserExport->download('user-Sep-02-202...')
#16 C:\\Users\\dell\\Desktop\\Vip_travel\\Vip_Travel_Project\\vendor\\laravel\\framework\\src\\Illuminate\\Routing\\Controller.php(54): Modules\\User\\Admin\\UserController->export()
#17 C:\\Users\\dell\\Desktop\\Vip_travel\\Vip_Travel_Project\\vendor\\laravel\\framework\\src\\Illuminate\\Routing\\ControllerDispatcher.php(43): Illuminate\\Routing\\Controller->callAction('export', Array)
#18 C:\\Users\\dell\\Desktop\\Vip_travel\\Vip_Travel_Project\\vendor\\laravel\\framework\\src\\Illuminate\\Routing\\Route.php(259): Illuminate\\Routing\\ControllerDispatcher->dispatch(Object(Illuminate\\Routing\\Route), Object(Modules\\User\\Admin\\UserController), 'export')
#19 C:\\Users\\dell\\Desktop\\Vip_travel\\Vip_Travel_Project\\vendor\\laravel\\framework\\src\\Illuminate\\Routing\\Route.php(205): Illuminate\\Routing\\Route->runController()
#20 C:\\Users\\dell\\Desktop\\Vip_travel\\Vip_Travel_Project\\vendor\\laravel\\framework\\src\\Illuminate\\Routing\\Router.php(806): Illuminate\\Routing\\Route->run()
#21 C:\\Users\\dell\\Desktop\\Vip_travel\\Vip_Travel_Project\\vendor\\laravel\\framework\\src\\Illuminate\\Pipeline\\Pipeline.php(144): Illuminate\\Routing\\Router->Illuminate\\Routing\\{closure}(Object(Illuminate\\Http\\Request))
#22 C:\\Users\\dell\\Desktop\\Vip_travel\\Vip_Travel_Project\\app\\Http\\Middleware\\Dashboard.php(25): Illuminate\\Pipeline\\Pipeline->Illuminate\\Pipeline\\{closure}(Object(Illuminate\\Http\\Request))
#23 C:\\Users\\dell\\Desktop\\Vip_travel\\Vip_Travel_Project\\vendor\\laravel\\framework\\src\\Illuminate\\Pipeline\\Pipeline.php(183): App\\Http\\Middleware\\Dashboard->handle(Object(Illuminate\\Http\\Request), Object(Closure))
#24 C:\\Users\\dell\\Desktop\\Vip_travel\\Vip_Travel_Project\\app\\Http\\Middleware\\RequireChangePassword.php(41): Illuminate\\Pipeline\\Pipeline->Illuminate\\Pipeline\\{closure}(Object(Illuminate\\Http\\Request))
#25 C:\\Users\\dell\\Desktop\\Vip_travel\\Vip_Travel_Project\\vendor\\laravel\\framework\\src\\Illuminate\\Pipeline\\Pipeline.php(183): App\\Http\\Middleware\\RequireChangePassword->handle(Object(Illuminate\\Http\\Request), Object(Closure))
#26 C:\\Users\\dell\\Desktop\\Vip_travel\\Vip_Travel_Project\\app\\Http\\Middleware\\SetLanguageForAdmin.php(37): Illuminate\\Pipeline\\Pipeline->Illuminate\\Pipeline\\{closure}(Object(Illuminate\\Http\\Request))
#27 C:\\Users\\dell\\Desktop\\Vip_travel\\Vip_Travel_Project\\vendor\\laravel\\framework\\src\\Illuminate\\Pipeline\\Pipeline.php(183): App\\Http\\Middleware\\SetLanguageForAdmin->handle(Object(Illuminate\\Http\\Request), Object(Closure))
#28 C:\\Users\\dell\\Desktop\\Vip_travel\\Vip_Travel_Project\\app\\Http\\Middleware\\SetCurrentCurrency.php(48): Illuminate\\Pipeline\\Pipeline->Illuminate\\Pipeline\\{closure}(Object(Illuminate\\Http\\Request))
#29 C:\\Users\\dell\\Desktop\\Vip_travel\\Vip_Travel_Project\\vendor\\laravel\\framework\\src\\Illuminate\\Pipeline\\Pipeline.php(183): App\\Http\\Middleware\\SetCurrentCurrency->handle(Object(Illuminate\\Http\\Request), Object(Closure))
#30 C:\\Users\\dell\\Desktop\\Vip_travel\\Vip_Travel_Project\\app\\Http\\Middleware\\HideDebugbar.php(32): Illuminate\\Pipeline\\Pipeline->Illuminate\\Pipeline\\{closure}(Object(Illuminate\\Http\\Request))
#31 C:\\Users\\dell\\Desktop\\Vip_travel\\Vip_Travel_Project\\vendor\\laravel\\framework\\src\\Illuminate\\Pipeline\\Pipeline.php(183): App\\Http\\Middleware\\HideDebugbar->handle(Object(Illuminate\\Http\\Request), Object(Closure))
#32 C:\\Users\\dell\\Desktop\\Vip_travel\\Vip_Travel_Project\\app\\Http\\Middleware\\RedirectForMultiLanguage.php(58): Illuminate\\Pipeline\\Pipeline->Illuminate\\Pipeline\\{closure}(Object(Illuminate\\Http\\Request))
#33 C:\\Users\\dell\\Desktop\\Vip_travel\\Vip_Travel_Project\\vendor\\laravel\\framework\\src\\Illuminate\\Pipeline\\Pipeline.php(183): App\\Http\\Middleware\\RedirectForMultiLanguage->handle(Object(Illuminate\\Http\\Request), Object(Closure))
#34 C:\\Users\\dell\\Desktop\\Vip_travel\\Vip_Travel_Project\\vendor\\laravel\\framework\\src\\Illuminate\\Routing\\Middleware\\SubstituteBindings.php(50): Illuminate\\Pipeline\\Pipeline->Illuminate\\Pipeline\\{closure}(Object(Illuminate\\Http\\Request))
#35 C:\\Users\\dell\\Desktop\\Vip_travel\\Vip_Travel_Project\\vendor\\laravel\\framework\\src\\Illuminate\\Pipeline\\Pipeline.php(183): Illuminate\\Routing\\Middleware\\SubstituteBindings->handle(Object(Illuminate\\Http\\Request), Object(Closure))
#36 C:\\Users\\dell\\Desktop\\Vip_travel\\Vip_Travel_Project\\vendor\\laravel\\framework\\src\\Illuminate\\Foundation\\Http\\Middleware\\VerifyCsrfToken.php(78): Illuminate\\Pipeline\\Pipeline->Illuminate\\Pipeline\\{closure}(Object(Illuminate\\Http\\Request))
#37 C:\\Users\\dell\\Desktop\\Vip_travel\\Vip_Travel_Project\\vendor\\laravel\\framework\\src\\Illuminate\\Pipeline\\Pipeline.php(183): Illuminate\\Foundation\\Http\\Middleware\\VerifyCsrfToken->handle(Object(Illuminate\\Http\\Request), Object(Closure))
#38 C:\\Users\\dell\\Desktop\\Vip_travel\\Vip_Travel_Project\\vendor\\laravel\\framework\\src\\Illuminate\\View\\Middleware\\ShareErrorsFromSession.php(49): Illuminate\\Pipeline\\Pipeline->Illuminate\\Pipeline\\{closure}(Object(Illuminate\\Http\\Request))
#39 C:\\Users\\dell\\Desktop\\Vip_travel\\Vip_Travel_Project\\vendor\\laravel\\framework\\src\\Illuminate\\Pipeline\\Pipeline.php(183): Illuminate\\View\\Middleware\\ShareErrorsFromSession->handle(Object(Illuminate\\Http\\Request), Object(Closure))
#40 C:\\Users\\dell\\Desktop\\Vip_travel\\Vip_Travel_Project\\vendor\\laravel\\framework\\src\\Illuminate\\Session\\Middleware\\StartSession.php(121): Illuminate\\Pipeline\\Pipeline->Illuminate\\Pipeline\\{closure}(Object(Illuminate\\Http\\Request))
#41 C:\\Users\\dell\\Desktop\\Vip_travel\\Vip_Travel_Project\\vendor\\laravel\\framework\\src\\Illuminate\\Session\\Middleware\\StartSession.php(64): Illuminate\\Session\\Middleware\\StartSession->handleStatefulRequest(Object(Illuminate\\Http\\Request), Object(Illuminate\\Session\\Store), Object(Closure))
#42 C:\\Users\\dell\\Desktop\\Vip_travel\\Vip_Travel_Project\\vendor\\laravel\\framework\\src\\Illuminate\\Pipeline\\Pipeline.php(183): Illuminate\\Session\\Middleware\\StartSession->handle(Object(Illuminate\\Http\\Request), Object(Closure))
#43 C:\\Users\\dell\\Desktop\\Vip_travel\\Vip_Travel_Project\\vendor\\laravel\\framework\\src\\Illuminate\\Cookie\\Middleware\\AddQueuedCookiesToResponse.php(37): Illuminate\\Pipeline\\Pipeline->Illuminate\\Pipeline\\{closure}(Object(Illuminate\\Http\\Request))
#44 C:\\Users\\dell\\Desktop\\Vip_travel\\Vip_Travel_Project\\vendor\\laravel\\framework\\src\\Illuminate\\Pipeline\\Pipeline.php(183): Illuminate\\Cookie\\Middleware\\AddQueuedCookiesToResponse->handle(Object(Illuminate\\Http\\Request), Object(Closure))
#45 C:\\Users\\dell\\Desktop\\Vip_travel\\Vip_Travel_Project\\vendor\\laravel\\framework\\src\\Illuminate\\Cookie\\Middleware\\EncryptCookies.php(67): Illuminate\\Pipeline\\Pipeline->Illuminate\\Pipeline\\{closure}(Object(Illuminate\\Http\\Request))
#46 C:\\Users\\dell\\Desktop\\Vip_travel\\Vip_Travel_Project\\vendor\\laravel\\framework\\src\\Illuminate\\Pipeline\\Pipeline.php(183): Illuminate\\Cookie\\Middleware\\EncryptCookies->handle(Object(Illuminate\\Http\\Request), Object(Closure))
#47 C:\\Users\\dell\\Desktop\\Vip_travel\\Vip_Travel_Project\\vendor\\laravel\\framework\\src\\Illuminate\\Pipeline\\Pipeline.php(119): Illuminate\\Pipeline\\Pipeline->Illuminate\\Pipeline\\{closure}(Object(Illuminate\\Http\\Request))
#48 C:\\Users\\dell\\Desktop\\Vip_travel\\Vip_Travel_Project\\vendor\\laravel\\framework\\src\\Illuminate\\Routing\\Router.php(805): Illuminate\\Pipeline\\Pipeline->then(Object(Closure))
#49 C:\\Users\\dell\\Desktop\\Vip_travel\\Vip_Travel_Project\\vendor\\laravel\\framework\\src\\Illuminate\\Routing\\Router.php(784): Illuminate\\Routing\\Router->runRouteWithinStack(Object(Illuminate\\Routing\\Route), Object(Illuminate\\Http\\Request))
#50 C:\\Users\\dell\\Desktop\\Vip_travel\\Vip_Travel_Project\\vendor\\laravel\\framework\\src\\Illuminate\\Routing\\Router.php(748): Illuminate\\Routing\\Router->runRoute(Object(Illuminate\\Http\\Request), Object(Illuminate\\Routing\\Route))
#51 C:\\Users\\dell\\Desktop\\Vip_travel\\Vip_Travel_Project\\vendor\\laravel\\framework\\src\\Illuminate\\Routing\\Router.php(737): Illuminate\\Routing\\Router->dispatchToRoute(Object(Illuminate\\Http\\Request))
#52 C:\\Users\\dell\\Desktop\\Vip_travel\\Vip_Travel_Project\\vendor\\laravel\\framework\\src\\Illuminate\\Foundation\\Http\\Kernel.php(200): Illuminate\\Routing\\Router->dispatch(Object(Illuminate\\Http\\Request))
#53 C:\\Users\\dell\\Desktop\\Vip_travel\\Vip_Travel_Project\\vendor\\laravel\\framework\\src\\Illuminate\\Pipeline\\Pipeline.php(144): Illuminate\\Foundation\\Http\\Kernel->Illuminate\\Foundation\\Http\\{closure}(Object(Illuminate\\Http\\Request))
#54 C:\\Users\\dell\\Desktop\\Vip_travel\\Vip_Travel_Project\\themes\\Base\\Core\\Middleware\\RunUpdater.php(73): Illuminate\\Pipeline\\Pipeline->Illuminate\\Pipeline\\{closure}(Object(Illuminate\\Http\\Request))
#55 C:\\Users\\dell\\Desktop\\Vip_travel\\Vip_Travel_Project\\vendor\\laravel\\framework\\src\\Illuminate\\Pipeline\\Pipeline.php(183): Themes\\Base\\Core\\Middleware\\RunUpdater->handle(Object(Illuminate\\Http\\Request), Object(Closure))
#56 C:\\Users\\dell\\Desktop\\Vip_travel\\Vip_Travel_Project\\vendor\\barryvdh\\laravel-debugbar\\src\\Middleware\\InjectDebugbar.php(59): Illuminate\\Pipeline\\Pipeline->Illuminate\\Pipeline\\{closure}(Object(Illuminate\\Http\\Request))
#57 C:\\Users\\dell\\Desktop\\Vip_travel\\Vip_Travel_Project\\vendor\\laravel\\framework\\src\\Illuminate\\Pipeline\\Pipeline.php(183): Barryvdh\\Debugbar\\Middleware\\InjectDebugbar->handle(Object(Illuminate\\Http\\Request), Object(Closure))
#58 C:\\Users\\dell\\Desktop\\Vip_travel\\Vip_Travel_Project\\vendor\\laravel\\framework\\src\\Illuminate\\Foundation\\Http\\Middleware\\TransformsRequest.php(21): Illuminate\\Pipeline\\Pipeline->Illuminate\\Pipeline\\{closure}(Object(Illuminate\\Http\\Request))
#59 C:\\Users\\dell\\Desktop\\Vip_travel\\Vip_Travel_Project\\vendor\\laravel\\framework\\src\\Illuminate\\Foundation\\Http\\Middleware\\ConvertEmptyStringsToNull.php(31): Illuminate\\Foundation\\Http\\Middleware\\TransformsRequest->handle(Object(Illuminate\\Http\\Request), Object(Closure))
#60 C:\\Users\\dell\\Desktop\\Vip_travel\\Vip_Travel_Project\\vendor\\laravel\\framework\\src\\Illuminate\\Pipeline\\Pipeline.php(183): Illuminate\\Foundation\\Http\\Middleware\\ConvertEmptyStringsToNull->handle(Object(Illuminate\\Http\\Request), Object(Closure))
#61 C:\\Users\\dell\\Desktop\\Vip_travel\\Vip_Travel_Project\\vendor\\laravel\\framework\\src\\Illuminate\\Foundation\\Http\\Middleware\\TransformsRequest.php(21): Illuminate\\Pipeline\\Pipeline->Illuminate\\Pipeline\\{closure}(Object(Illuminate\\Http\\Request))
#62 C:\\Users\\dell\\Desktop\\Vip_travel\\Vip_Travel_Project\\vendor\\laravel\\framework\\src\\Illuminate\\Foundation\\Http\\Middleware\\TrimStrings.php(40): Illuminate\\Foundation\\Http\\Middleware\\TransformsRequest->handle(Object(Illuminate\\Http\\Request), Object(Closure))
#63 C:\\Users\\dell\\Desktop\\Vip_travel\\Vip_Travel_Project\\vendor\\laravel\\framework\\src\\Illuminate\\Pipeline\\Pipeline.php(183): Illuminate\\Foundation\\Http\\Middleware\\TrimStrings->handle(Object(Illuminate\\Http\\Request), Object(Closure))
#64 C:\\Users\\dell\\Desktop\\Vip_travel\\Vip_Travel_Project\\vendor\\laravel\\framework\\src\\Illuminate\\Foundation\\Http\\Middleware\\ValidatePostSize.php(27): Illuminate\\Pipeline\\Pipeline->Illuminate\\Pipeline\\{closure}(Object(Illuminate\\Http\\Request))
#65 C:\\Users\\dell\\Desktop\\Vip_travel\\Vip_Travel_Project\\vendor\\laravel\\framework\\src\\Illuminate\\Pipeline\\Pipeline.php(183): Illuminate\\Foundation\\Http\\Middleware\\ValidatePostSize->handle(Object(Illuminate\\Http\\Request), Object(Closure))
#66 C:\\Users\\dell\\Desktop\\Vip_travel\\Vip_Travel_Project\\vendor\\laravel\\framework\\src\\Illuminate\\Foundation\\Http\\Middleware\\PreventRequestsDuringMaintenance.php(99): Illuminate\\Pipeline\\Pipeline->Illuminate\\Pipeline\\{closure}(Object(Illuminate\\Http\\Request))
#67 C:\\Users\\dell\\Desktop\\Vip_travel\\Vip_Travel_Project\\vendor\\laravel\\framework\\src\\Illuminate\\Pipeline\\Pipeline.php(183): Illuminate\\Foundation\\Http\\Middleware\\PreventRequestsDuringMaintenance->handle(Object(Illuminate\\Http\\Request), Object(Closure))
#68 C:\\Users\\dell\\Desktop\\Vip_travel\\Vip_Travel_Project\\vendor\\laravel\\framework\\src\\Illuminate\\Http\\Middleware\\HandleCors.php(49): Illuminate\\Pipeline\\Pipeline->Illuminate\\Pipeline\\{closure}(Object(Illuminate\\Http\\Request))
#69 C:\\Users\\dell\\Desktop\\Vip_travel\\Vip_Travel_Project\\vendor\\laravel\\framework\\src\\Illuminate\\Pipeline\\Pipeline.php(183): Illuminate\\Http\\Middleware\\HandleCors->handle(Object(Illuminate\\Http\\Request), Object(Closure))
#70 C:\\Users\\dell\\Desktop\\Vip_travel\\Vip_Travel_Project\\app\\Http\\Middleware\\RedirectToInstaller.php(40): Illuminate\\Pipeline\\Pipeline->Illuminate\\Pipeline\\{closure}(Object(Illuminate\\Http\\Request))
#71 C:\\Users\\dell\\Desktop\\Vip_travel\\Vip_Travel_Project\\vendor\\laravel\\framework\\src\\Illuminate\\Pipeline\\Pipeline.php(183): App\\Http\\Middleware\\RedirectToInstaller->handle(Object(Illuminate\\Http\\Request), Object(Closure))
#72 C:\\Users\\dell\\Desktop\\Vip_travel\\Vip_Travel_Project\\vendor\\laravel\\framework\\src\\Illuminate\\Http\\Middleware\\TrustProxies.php(39): Illuminate\\Pipeline\\Pipeline->Illuminate\\Pipeline\\{closure}(Object(Illuminate\\Http\\Request))
#73 C:\\Users\\dell\\Desktop\\Vip_travel\\Vip_Travel_Project\\vendor\\laravel\\framework\\src\\Illuminate\\Pipeline\\Pipeline.php(183): Illuminate\\Http\\Middleware\\TrustProxies->handle(Object(Illuminate\\Http\\Request), Object(Closure))
#74 C:\\Users\\dell\\Desktop\\Vip_travel\\Vip_Travel_Project\\vendor\\laravel\\framework\\src\\Illuminate\\Pipeline\\Pipeline.php(119): Illuminate\\Pipeline\\Pipeline->Illuminate\\Pipeline\\{closure}(Object(Illuminate\\Http\\Request))
#75 C:\\Users\\dell\\Desktop\\Vip_travel\\Vip_Travel_Project\\vendor\\laravel\\framework\\src\\Illuminate\\Foundation\\Http\\Kernel.php(175): Illuminate\\Pipeline\\Pipeline->then(Object(Closure))
#76 C:\\Users\\dell\\Desktop\\Vip_travel\\Vip_Travel_Project\\vendor\\laravel\\framework\\src\\Illuminate\\Foundation\\Http\\Kernel.php(144): Illuminate\\Foundation\\Http\\Kernel->sendRequestThroughRouter(Object(Illuminate\\Http\\Request))
#77 C:\\Users\\dell\\Desktop\\Vip_travel\\Vip_Travel_Project\\public\\index.php(77): Illuminate\\Foundation\\Http\\Kernel->handle(Object(Illuminate\\Http\\Request))
#78 C:\\Users\\dell\\Desktop\\Vip_travel\\Vip_Travel_Project\\server.php(21): require_once('C:\\\\Users\\\\dell\\\\D...')
#79 {main}

[previous exception] [object] (PDOException(code: 42S22): SQLSTATE[42S22]: Column not found: 1054 Unknown column 'role' in 'field list' at C:\\Users\\dell\\Desktop\\Vip_travel\\Vip_Travel_Project\\vendor\\laravel\\framework\\src\\Illuminate\\Database\\Connection.php:423)
[stacktrace]
#0 C:\\Users\\dell\\Desktop\\Vip_travel\\Vip_Travel_Project\\vendor\\laravel\\framework\\src\\Illuminate\\Database\\Connection.php(423): PDO->prepare('select `first_n...')
#1 C:\\Users\\dell\\Desktop\\Vip_travel\\Vip_Travel_Project\\vendor\\laravel\\framework\\src\\Illuminate\\Database\\Connection.php(816): Illuminate\\Database\\Connection->Illuminate\\Database\\{closure}('select `first_n...', Array)
#2 C:\\Users\\dell\\Desktop\\Vip_travel\\Vip_Travel_Project\\vendor\\laravel\\framework\\src\\Illuminate\\Database\\Connection.php(783): Illuminate\\Database\\Connection->runQueryCallback('select `first_n...', Array, Object(Closure))
#3 C:\\Users\\dell\\Desktop\\Vip_travel\\Vip_Travel_Project\\vendor\\laravel\\framework\\src\\Illuminate\\Database\\Connection.php(414): Illuminate\\Database\\Connection->run('select `first_n...', Array, Object(Closure))
#4 C:\\Users\\dell\\Desktop\\Vip_travel\\Vip_Travel_Project\\vendor\\laravel\\framework\\src\\Illuminate\\Database\\Query\\Builder.php(2871): Illuminate\\Database\\Connection->select('select `first_n...', Array, true)
#5 C:\\Users\\dell\\Desktop\\Vip_travel\\Vip_Travel_Project\\vendor\\laravel\\framework\\src\\Illuminate\\Database\\Query\\Builder.php(2860): Illuminate\\Database\\Query\\Builder->runSelect()
#6 C:\\Users\\dell\\Desktop\\Vip_travel\\Vip_Travel_Project\\vendor\\laravel\\framework\\src\\Illuminate\\Database\\Query\\Builder.php(3414): Illuminate\\Database\\Query\\Builder->Illuminate\\Database\\Query\\{closure}()
#7 C:\\Users\\dell\\Desktop\\Vip_travel\\Vip_Travel_Project\\vendor\\laravel\\framework\\src\\Illuminate\\Database\\Query\\Builder.php(2859): Illuminate\\Database\\Query\\Builder->onceWithColumns(Array, Object(Closure))
#8 C:\\Users\\dell\\Desktop\\Vip_travel\\Vip_Travel_Project\\vendor\\laravel\\framework\\src\\Illuminate\\Database\\Eloquent\\Builder.php(739): Illuminate\\Database\\Query\\Builder->get(Array)
#9 C:\\Users\\dell\\Desktop\\Vip_travel\\Vip_Travel_Project\\vendor\\laravel\\framework\\src\\Illuminate\\Database\\Eloquent\\Builder.php(723): Illuminate\\Database\\Eloquent\\Builder->getModels(Array)
#10 C:\\Users\\dell\\Desktop\\Vip_travel\\Vip_Travel_Project\\modules\\User\\Exports\\UserExport.php(25): Illuminate\\Database\\Eloquent\\Builder->get()
#11 C:\\Users\\dell\\Desktop\\Vip_travel\\Vip_Travel_Project\\vendor\\maatwebsite\\excel\\src\\Sheet.php(503): Modules\\User\\Exports\\UserExport->collection()
#12 C:\\Users\\dell\\Desktop\\Vip_travel\\Vip_Travel_Project\\vendor\\maatwebsite\\excel\\src\\Sheet.php(216): Maatwebsite\\Excel\\Sheet->fromCollection(Object(Modules\\User\\Exports\\UserExport))
#13 C:\\Users\\dell\\Desktop\\Vip_travel\\Vip_Travel_Project\\vendor\\maatwebsite\\excel\\src\\Writer.php(72): Maatwebsite\\Excel\\Sheet->export(Object(Modules\\User\\Exports\\UserExport))
#14 C:\\Users\\dell\\Desktop\\Vip_travel\\Vip_Travel_Project\\vendor\\maatwebsite\\excel\\src\\Excel.php(203): Maatwebsite\\Excel\\Writer->export(Object(Modules\\User\\Exports\\UserExport), 'Xlsx')
#15 C:\\Users\\dell\\Desktop\\Vip_travel\\Vip_Travel_Project\\vendor\\maatwebsite\\excel\\src\\Excel.php(90): Maatwebsite\\Excel\\Excel->export(Object(Modules\\User\\Exports\\UserExport), 'user-Sep-02-202...', 'Xlsx')
#16 C:\\Users\\dell\\Desktop\\Vip_travel\\Vip_Travel_Project\\vendor\\maatwebsite\\excel\\src\\Concerns\\Exportable.php(30): Maatwebsite\\Excel\\Excel->download(Object(Modules\\User\\Exports\\UserExport), 'user-Sep-02-202...', NULL, Array)
#17 C:\\Users\\dell\\Desktop\\Vip_travel\\Vip_Travel_Project\\modules\\User\\Admin\\UserController.php(415): Modules\\User\\Exports\\UserExport->download('user-Sep-02-202...')
#18 C:\\Users\\dell\\Desktop\\Vip_travel\\Vip_Travel_Project\\vendor\\laravel\\framework\\src\\Illuminate\\Routing\\Controller.php(54): Modules\\User\\Admin\\UserController->export()
#19 C:\\Users\\dell\\Desktop\\Vip_travel\\Vip_Travel_Project\\vendor\\laravel\\framework\\src\\Illuminate\\Routing\\ControllerDispatcher.php(43): Illuminate\\Routing\\Controller->callAction('export', Array)
#20 C:\\Users\\dell\\Desktop\\Vip_travel\\Vip_Travel_Project\\vendor\\laravel\\framework\\src\\Illuminate\\Routing\\Route.php(259): Illuminate\\Routing\\ControllerDispatcher->dispatch(Object(Illuminate\\Routing\\Route), Object(Modules\\User\\Admin\\UserController), 'export')
#21 C:\\Users\\dell\\Desktop\\Vip_travel\\Vip_Travel_Project\\vendor\\laravel\\framework\\src\\Illuminate\\Routing\\Route.php(205): Illuminate\\Routing\\Route->runController()
#22 C:\\Users\\dell\\Desktop\\Vip_travel\\Vip_Travel_Project\\vendor\\laravel\\framework\\src\\Illuminate\\Routing\\Router.php(806): Illuminate\\Routing\\Route->run()
#23 C:\\Users\\dell\\Desktop\\Vip_travel\\Vip_Travel_Project\\vendor\\laravel\\framework\\src\\Illuminate\\Pipeline\\Pipeline.php(144): Illuminate\\Routing\\Router->Illuminate\\Routing\\{closure}(Object(Illuminate\\Http\\Request))
#24 C:\\Users\\dell\\Desktop\\Vip_travel\\Vip_Travel_Project\\app\\Http\\Middleware\\Dashboard.php(25): Illuminate\\Pipeline\\Pipeline->Illuminate\\Pipeline\\{closure}(Object(Illuminate\\Http\\Request))
#25 C:\\Users\\dell\\Desktop\\Vip_travel\\Vip_Travel_Project\\vendor\\laravel\\framework\\src\\Illuminate\\Pipeline\\Pipeline.php(183): App\\Http\\Middleware\\Dashboard->handle(Object(Illuminate\\Http\\Request), Object(Closure))
#26 C:\\Users\\dell\\Desktop\\Vip_travel\\Vip_Travel_Project\\app\\Http\\Middleware\\RequireChangePassword.php(41): Illuminate\\Pipeline\\Pipeline->Illuminate\\Pipeline\\{closure}(Object(Illuminate\\Http\\Request))
#27 C:\\Users\\dell\\Desktop\\Vip_travel\\Vip_Travel_Project\\vendor\\laravel\\framework\\src\\Illuminate\\Pipeline\\Pipeline.php(183): App\\Http\\Middleware\\RequireChangePassword->handle(Object(Illuminate\\Http\\Request), Object(Closure))
#28 C:\\Users\\dell\\Desktop\\Vip_travel\\Vip_Travel_Project\\app\\Http\\Middleware\\SetLanguageForAdmin.php(37): Illuminate\\Pipeline\\Pipeline->Illuminate\\Pipeline\\{closure}(Object(Illuminate\\Http\\Request))
#29 C:\\Users\\dell\\Desktop\\Vip_travel\\Vip_Travel_Project\\vendor\\laravel\\framework\\src\\Illuminate\\Pipeline\\Pipeline.php(183): App\\Http\\Middleware\\SetLanguageForAdmin->handle(Object(Illuminate\\Http\\Request), Object(Closure))
#30 C:\\Users\\dell\\Desktop\\Vip_travel\\Vip_Travel_Project\\app\\Http\\Middleware\\SetCurrentCurrency.php(48): Illuminate\\Pipeline\\Pipeline->Illuminate\\Pipeline\\{closure}(Object(Illuminate\\Http\\Request))
#31 C:\\Users\\dell\\Desktop\\Vip_travel\\Vip_Travel_Project\\vendor\\laravel\\framework\\src\\Illuminate\\Pipeline\\Pipeline.php(183): App\\Http\\Middleware\\SetCurrentCurrency->handle(Object(Illuminate\\Http\\Request), Object(Closure))
#32 C:\\Users\\dell\\Desktop\\Vip_travel\\Vip_Travel_Project\\app\\Http\\Middleware\\HideDebugbar.php(32): Illuminate\\Pipeline\\Pipeline->Illuminate\\Pipeline\\{closure}(Object(Illuminate\\Http\\Request))
#33 C:\\Users\\dell\\Desktop\\Vip_travel\\Vip_Travel_Project\\vendor\\laravel\\framework\\src\\Illuminate\\Pipeline\\Pipeline.php(183): App\\Http\\Middleware\\HideDebugbar->handle(Object(Illuminate\\Http\\Request), Object(Closure))
#34 C:\\Users\\dell\\Desktop\\Vip_travel\\Vip_Travel_Project\\app\\Http\\Middleware\\RedirectForMultiLanguage.php(58): Illuminate\\Pipeline\\Pipeline->Illuminate\\Pipeline\\{closure}(Object(Illuminate\\Http\\Request))
#35 C:\\Users\\dell\\Desktop\\Vip_travel\\Vip_Travel_Project\\vendor\\laravel\\framework\\src\\Illuminate\\Pipeline\\Pipeline.php(183): App\\Http\\Middleware\\RedirectForMultiLanguage->handle(Object(Illuminate\\Http\\Request), Object(Closure))
#36 C:\\Users\\dell\\Desktop\\Vip_travel\\Vip_Travel_Project\\vendor\\laravel\\framework\\src\\Illuminate\\Routing\\Middleware\\SubstituteBindings.php(50): Illuminate\\Pipeline\\Pipeline->Illuminate\\Pipeline\\{closure}(Object(Illuminate\\Http\\Request))
#37 C:\\Users\\dell\\Desktop\\Vip_travel\\Vip_Travel_Project\\vendor\\laravel\\framework\\src\\Illuminate\\Pipeline\\Pipeline.php(183): Illuminate\\Routing\\Middleware\\SubstituteBindings->handle(Object(Illuminate\\Http\\Request), Object(Closure))
#38 C:\\Users\\dell\\Desktop\\Vip_travel\\Vip_Travel_Project\\vendor\\laravel\\framework\\src\\Illuminate\\Foundation\\Http\\Middleware\\VerifyCsrfToken.php(78): Illuminate\\Pipeline\\Pipeline->Illuminate\\Pipeline\\{closure}(Object(Illuminate\\Http\\Request))
#39 C:\\Users\\dell\\Desktop\\Vip_travel\\Vip_Travel_Project\\vendor\\laravel\\framework\\src\\Illuminate\\Pipeline\\Pipeline.php(183): Illuminate\\Foundation\\Http\\Middleware\\VerifyCsrfToken->handle(Object(Illuminate\\Http\\Request), Object(Closure))
#40 C:\\Users\\dell\\Desktop\\Vip_travel\\Vip_Travel_Project\\vendor\\laravel\\framework\\src\\Illuminate\\View\\Middleware\\ShareErrorsFromSession.php(49): Illuminate\\Pipeline\\Pipeline->Illuminate\\Pipeline\\{closure}(Object(Illuminate\\Http\\Request))
#41 C:\\Users\\dell\\Desktop\\Vip_travel\\Vip_Travel_Project\\vendor\\laravel\\framework\\src\\Illuminate\\Pipeline\\Pipeline.php(183): Illuminate\\View\\Middleware\\ShareErrorsFromSession->handle(Object(Illuminate\\Http\\Request), Object(Closure))
#42 C:\\Users\\dell\\Desktop\\Vip_travel\\Vip_Travel_Project\\vendor\\laravel\\framework\\src\\Illuminate\\Session\\Middleware\\StartSession.php(121): Illuminate\\Pipeline\\Pipeline->Illuminate\\Pipeline\\{closure}(Object(Illuminate\\Http\\Request))
#43 C:\\Users\\dell\\Desktop\\Vip_travel\\Vip_Travel_Project\\vendor\\laravel\\framework\\src\\Illuminate\\Session\\Middleware\\StartSession.php(64): Illuminate\\Session\\Middleware\\StartSession->handleStatefulRequest(Object(Illuminate\\Http\\Request), Object(Illuminate\\Session\\Store), Object(Closure))
#44 C:\\Users\\dell\\Desktop\\Vip_travel\\Vip_Travel_Project\\vendor\\laravel\\framework\\src\\Illuminate\\Pipeline\\Pipeline.php(183): Illuminate\\Session\\Middleware\\StartSession->handle(Object(Illuminate\\Http\\Request), Object(Closure))
#45 C:\\Users\\dell\\Desktop\\Vip_travel\\Vip_Travel_Project\\vendor\\laravel\\framework\\src\\Illuminate\\Cookie\\Middleware\\AddQueuedCookiesToResponse.php(37): Illuminate\\Pipeline\\Pipeline->Illuminate\\Pipeline\\{closure}(Object(Illuminate\\Http\\Request))
#46 C:\\Users\\dell\\Desktop\\Vip_travel\\Vip_Travel_Project\\vendor\\laravel\\framework\\src\\Illuminate\\Pipeline\\Pipeline.php(183): Illuminate\\Cookie\\Middleware\\AddQueuedCookiesToResponse->handle(Object(Illuminate\\Http\\Request), Object(Closure))
#47 C:\\Users\\dell\\Desktop\\Vip_travel\\Vip_Travel_Project\\vendor\\laravel\\framework\\src\\Illuminate\\Cookie\\Middleware\\EncryptCookies.php(67): Illuminate\\Pipeline\\Pipeline->Illuminate\\Pipeline\\{closure}(Object(Illuminate\\Http\\Request))
#48 C:\\Users\\dell\\Desktop\\Vip_travel\\Vip_Travel_Project\\vendor\\laravel\\framework\\src\\Illuminate\\Pipeline\\Pipeline.php(183): Illuminate\\Cookie\\Middleware\\EncryptCookies->handle(Object(Illuminate\\Http\\Request), Object(Closure))
#49 C:\\Users\\dell\\Desktop\\Vip_travel\\Vip_Travel_Project\\vendor\\laravel\\framework\\src\\Illuminate\\Pipeline\\Pipeline.php(119): Illuminate\\Pipeline\\Pipeline->Illuminate\\Pipeline\\{closure}(Object(Illuminate\\Http\\Request))
#50 C:\\Users\\dell\\Desktop\\Vip_travel\\Vip_Travel_Project\\vendor\\laravel\\framework\\src\\Illuminate\\Routing\\Router.php(805): Illuminate\\Pipeline\\Pipeline->then(Object(Closure))
#51 C:\\Users\\dell\\Desktop\\Vip_travel\\Vip_Travel_Project\\vendor\\laravel\\framework\\src\\Illuminate\\Routing\\Router.php(784): Illuminate\\Routing\\Router->runRouteWithinStack(Object(Illuminate\\Routing\\Route), Object(Illuminate\\Http\\Request))
#52 C:\\Users\\dell\\Desktop\\Vip_travel\\Vip_Travel_Project\\vendor\\laravel\\framework\\src\\Illuminate\\Routing\\Router.php(748): Illuminate\\Routing\\Router->runRoute(Object(Illuminate\\Http\\Request), Object(Illuminate\\Routing\\Route))
#53 C:\\Users\\dell\\Desktop\\Vip_travel\\Vip_Travel_Project\\vendor\\laravel\\framework\\src\\Illuminate\\Routing\\Router.php(737): Illuminate\\Routing\\Router->dispatchToRoute(Object(Illuminate\\Http\\Request))
#54 C:\\Users\\dell\\Desktop\\Vip_travel\\Vip_Travel_Project\\vendor\\laravel\\framework\\src\\Illuminate\\Foundation\\Http\\Kernel.php(200): Illuminate\\Routing\\Router->dispatch(Object(Illuminate\\Http\\Request))
#55 C:\\Users\\dell\\Desktop\\Vip_travel\\Vip_Travel_Project\\vendor\\laravel\\framework\\src\\Illuminate\\Pipeline\\Pipeline.php(144): Illuminate\\Foundation\\Http\\Kernel->Illuminate\\Foundation\\Http\\{closure}(Object(Illuminate\\Http\\Request))
#56 C:\\Users\\dell\\Desktop\\Vip_travel\\Vip_Travel_Project\\themes\\Base\\Core\\Middleware\\RunUpdater.php(73): Illuminate\\Pipeline\\Pipeline->Illuminate\\Pipeline\\{closure}(Object(Illuminate\\Http\\Request))
#57 C:\\Users\\dell\\Desktop\\Vip_travel\\Vip_Travel_Project\\vendor\\laravel\\framework\\src\\Illuminate\\Pipeline\\Pipeline.php(183): Themes\\Base\\Core\\Middleware\\RunUpdater->handle(Object(Illuminate\\Http\\Request), Object(Closure))
#58 C:\\Users\\dell\\Desktop\\Vip_travel\\Vip_Travel_Project\\vendor\\barryvdh\\laravel-debugbar\\src\\Middleware\\InjectDebugbar.php(59): Illuminate\\Pipeline\\Pipeline->Illuminate\\Pipeline\\{closure}(Object(Illuminate\\Http\\Request))
#59 C:\\Users\\dell\\Desktop\\Vip_travel\\Vip_Travel_Project\\vendor\\laravel\\framework\\src\\Illuminate\\Pipeline\\Pipeline.php(183): Barryvdh\\Debugbar\\Middleware\\InjectDebugbar->handle(Object(Illuminate\\Http\\Request), Object(Closure))
#60 C:\\Users\\dell\\Desktop\\Vip_travel\\Vip_Travel_Project\\vendor\\laravel\\framework\\src\\Illuminate\\Foundation\\Http\\Middleware\\TransformsRequest.php(21): Illuminate\\Pipeline\\Pipeline->Illuminate\\Pipeline\\{closure}(Object(Illuminate\\Http\\Request))
#61 C:\\Users\\dell\\Desktop\\Vip_travel\\Vip_Travel_Project\\vendor\\laravel\\framework\\src\\Illuminate\\Foundation\\Http\\Middleware\\ConvertEmptyStringsToNull.php(31): Illuminate\\Foundation\\Http\\Middleware\\TransformsRequest->handle(Object(Illuminate\\Http\\Request), Object(Closure))
#62 C:\\Users\\dell\\Desktop\\Vip_travel\\Vip_Travel_Project\\vendor\\laravel\\framework\\src\\Illuminate\\Pipeline\\Pipeline.php(183): Illuminate\\Foundation\\Http\\Middleware\\ConvertEmptyStringsToNull->handle(Object(Illuminate\\Http\\Request), Object(Closure))
#63 C:\\Users\\dell\\Desktop\\Vip_travel\\Vip_Travel_Project\\vendor\\laravel\\framework\\src\\Illuminate\\Foundation\\Http\\Middleware\\TransformsRequest.php(21): Illuminate\\Pipeline\\Pipeline->Illuminate\\Pipeline\\{closure}(Object(Illuminate\\Http\\Request))
#64 C:\\Users\\dell\\Desktop\\Vip_travel\\Vip_Travel_Project\\vendor\\laravel\\framework\\src\\Illuminate\\Foundation\\Http\\Middleware\\TrimStrings.php(40): Illuminate\\Foundation\\Http\\Middleware\\TransformsRequest->handle(Object(Illuminate\\Http\\Request), Object(Closure))
#65 C:\\Users\\dell\\Desktop\\Vip_travel\\Vip_Travel_Project\\vendor\\laravel\\framework\\src\\Illuminate\\Pipeline\\Pipeline.php(183): Illuminate\\Foundation\\Http\\Middleware\\TrimStrings->handle(Object(Illuminate\\Http\\Request), Object(Closure))
#66 C:\\Users\\dell\\Desktop\\Vip_travel\\Vip_Travel_Project\\vendor\\laravel\\framework\\src\\Illuminate\\Foundation\\Http\\Middleware\\ValidatePostSize.php(27): Illuminate\\Pipeline\\Pipeline->Illuminate\\Pipeline\\{closure}(Object(Illuminate\\Http\\Request))
#67 C:\\Users\\dell\\Desktop\\Vip_travel\\Vip_Travel_Project\\vendor\\laravel\\framework\\src\\Illuminate\\Pipeline\\Pipeline.php(183): Illuminate\\Foundation\\Http\\Middleware\\ValidatePostSize->handle(Object(Illuminate\\Http\\Request), Object(Closure))
#68 C:\\Users\\dell\\Desktop\\Vip_travel\\Vip_Travel_Project\\vendor\\laravel\\framework\\src\\Illuminate\\Foundation\\Http\\Middleware\\PreventRequestsDuringMaintenance.php(99): Illuminate\\Pipeline\\Pipeline->Illuminate\\Pipeline\\{closure}(Object(Illuminate\\Http\\Request))
#69 C:\\Users\\dell\\Desktop\\Vip_travel\\Vip_Travel_Project\\vendor\\laravel\\framework\\src\\Illuminate\\Pipeline\\Pipeline.php(183): Illuminate\\Foundation\\Http\\Middleware\\PreventRequestsDuringMaintenance->handle(Object(Illuminate\\Http\\Request), Object(Closure))
#70 C:\\Users\\dell\\Desktop\\Vip_travel\\Vip_Travel_Project\\vendor\\laravel\\framework\\src\\Illuminate\\Http\\Middleware\\HandleCors.php(49): Illuminate\\Pipeline\\Pipeline->Illuminate\\Pipeline\\{closure}(Object(Illuminate\\Http\\Request))
#71 C:\\Users\\dell\\Desktop\\Vip_travel\\Vip_Travel_Project\\vendor\\laravel\\framework\\src\\Illuminate\\Pipeline\\Pipeline.php(183): Illuminate\\Http\\Middleware\\HandleCors->handle(Object(Illuminate\\Http\\Request), Object(Closure))
#72 C:\\Users\\dell\\Desktop\\Vip_travel\\Vip_Travel_Project\\app\\Http\\Middleware\\RedirectToInstaller.php(40): Illuminate\\Pipeline\\Pipeline->Illuminate\\Pipeline\\{closure}(Object(Illuminate\\Http\\Request))
#73 C:\\Users\\dell\\Desktop\\Vip_travel\\Vip_Travel_Project\\vendor\\laravel\\framework\\src\\Illuminate\\Pipeline\\Pipeline.php(183): App\\Http\\Middleware\\RedirectToInstaller->handle(Object(Illuminate\\Http\\Request), Object(Closure))
#74 C:\\Users\\dell\\Desktop\\Vip_travel\\Vip_Travel_Project\\vendor\\laravel\\framework\\src\\Illuminate\\Http\\Middleware\\TrustProxies.php(39): Illuminate\\Pipeline\\Pipeline->Illuminate\\Pipeline\\{closure}(Object(Illuminate\\Http\\Request))
#75 C:\\Users\\dell\\Desktop\\Vip_travel\\Vip_Travel_Project\\vendor\\laravel\\framework\\src\\Illuminate\\Pipeline\\Pipeline.php(183): Illuminate\\Http\\Middleware\\TrustProxies->handle(Object(Illuminate\\Http\\Request), Object(Closure))
#76 C:\\Users\\dell\\Desktop\\Vip_travel\\Vip_Travel_Project\\vendor\\laravel\\framework\\src\\Illuminate\\Pipeline\\Pipeline.php(119): Illuminate\\Pipeline\\Pipeline->Illuminate\\Pipeline\\{closure}(Object(Illuminate\\Http\\Request))
#77 C:\\Users\\dell\\Desktop\\Vip_travel\\Vip_Travel_Project\\vendor\\laravel\\framework\\src\\Illuminate\\Foundation\\Http\\Kernel.php(175): Illuminate\\Pipeline\\Pipeline->then(Object(Closure))
#78 C:\\Users\\dell\\Desktop\\Vip_travel\\Vip_Travel_Project\\vendor\\laravel\\framework\\src\\Illuminate\\Foundation\\Http\\Kernel.php(144): Illuminate\\Foundation\\Http\\Kernel->sendRequestThroughRouter(Object(Illuminate\\Http\\Request))
#79 C:\\Users\\dell\\Desktop\\Vip_travel\\Vip_Travel_Project\\public\\index.php(77): Illuminate\\Foundation\\Http\\Kernel->handle(Object(Illuminate\\Http\\Request))
#80 C:\\Users\\dell\\Desktop\\Vip_travel\\Vip_Travel_Project\\server.php(21): require_once('C:\\\\Users\\\\dell\\\\D...')
#81 {main}
"} 
