[2024-09-05 03:41:39] production.ERROR: Undefined constant Illuminate\Support\Facades\Route::z {"exception":"[object] (Error(code: 0): Undefined constant Illuminate\\Support\\Facades\\Route::z at C:\\Users\\dell\\Desktop\\Vip_travel\\Vip_Travel_Project\\modules\\User\\RouterServiceProvider.php:55)
[stacktrace]
#0 C:\\Users\\dell\\Desktop\\Vip_travel\\Vip_Travel_Project\\modules\\User\\RouterServiceProvider.php(39): Modules\\User\\RouterServiceProvider->mapWebRoutes()
#1 C:\\Users\\dell\\Desktop\\Vip_travel\\Vip_Travel_Project\\vendor\\laravel\\framework\\src\\Illuminate\\Container\\BoundMethod.php(36): Modules\\User\\RouterServiceProvider->map()
#2 C:\\Users\\dell\\Desktop\\Vip_travel\\Vip_Travel_Project\\vendor\\laravel\\framework\\src\\Illuminate\\Container\\Util.php(41): Illuminate\\Container\\BoundMethod::Illuminate\\Container\\{closure}()
#3 C:\\Users\\dell\\Desktop\\Vip_travel\\Vip_Travel_Project\\vendor\\laravel\\framework\\src\\Illuminate\\Container\\BoundMethod.php(93): Illuminate\\Container\\Util::unwrapIfClosure(Object(Closure))
#4 C:\\Users\\dell\\Desktop\\Vip_travel\\Vip_Travel_Project\\vendor\\laravel\\framework\\src\\Illuminate\\Container\\BoundMethod.php(35): Illuminate\\Container\\BoundMethod::callBoundMethod(Object(Illuminate\\Foundation\\Application), Array, Object(Closure))
#5 C:\\Users\\dell\\Desktop\\Vip_travel\\Vip_Travel_Project\\vendor\\laravel\\framework\\src\\Illuminate\\Container\\Container.php(662): Illuminate\\Container\\BoundMethod::call(Object(Illuminate\\Foundation\\Application), Array, Array, NULL)
#6 C:\\Users\\dell\\Desktop\\Vip_travel\\Vip_Travel_Project\\vendor\\laravel\\framework\\src\\Illuminate\\Foundation\\Support\\Providers\\RouteServiceProvider.php(122): Illuminate\\Container\\Container->call(Array)
#7 C:\\Users\\dell\\Desktop\\Vip_travel\\Vip_Travel_Project\\vendor\\laravel\\framework\\src\\Illuminate\\Foundation\\Support\\Providers\\RouteServiceProvider.php(45): Illuminate\\Foundation\\Support\\Providers\\RouteServiceProvider->loadRoutes()
#8 C:\\Users\\dell\\Desktop\\Vip_travel\\Vip_Travel_Project\\vendor\\laravel\\framework\\src\\Illuminate\\Container\\BoundMethod.php(36): Illuminate\\Foundation\\Support\\Providers\\RouteServiceProvider->Illuminate\\Foundation\\Support\\Providers\\{closure}()
#9 C:\\Users\\dell\\Desktop\\Vip_travel\\Vip_Travel_Project\\vendor\\laravel\\framework\\src\\Illuminate\\Container\\Util.php(41): Illuminate\\Container\\BoundMethod::Illuminate\\Container\\{closure}()
#10 C:\\Users\\dell\\Desktop\\Vip_travel\\Vip_Travel_Project\\vendor\\laravel\\framework\\src\\Illuminate\\Container\\BoundMethod.php(81): Illuminate\\Container\\Util::unwrapIfClosure(Object(Closure))
#11 C:\\Users\\dell\\Desktop\\Vip_travel\\Vip_Travel_Project\\vendor\\laravel\\framework\\src\\Illuminate\\Container\\BoundMethod.php(35): Illuminate\\Container\\BoundMethod::callBoundMethod(Object(Illuminate\\Foundation\\Application), Object(Closure), Object(Closure))
#12 C:\\Users\\dell\\Desktop\\Vip_travel\\Vip_Travel_Project\\vendor\\laravel\\framework\\src\\Illuminate\\Container\\Container.php(662): Illuminate\\Container\\BoundMethod::call(Object(Illuminate\\Foundation\\Application), Object(Closure), Array, NULL)
#13 C:\\Users\\dell\\Desktop\\Vip_travel\\Vip_Travel_Project\\vendor\\laravel\\framework\\src\\Illuminate\\Support\\ServiceProvider.php(119): Illuminate\\Container\\Container->call(Object(Closure))
#14 C:\\Users\\dell\\Desktop\\Vip_travel\\Vip_Travel_Project\\vendor\\laravel\\framework\\src\\Illuminate\\Foundation\\Application.php(1037): Illuminate\\Support\\ServiceProvider->callBootedCallbacks()
#15 C:\\Users\\dell\\Desktop\\Vip_travel\\Vip_Travel_Project\\vendor\\laravel\\framework\\src\\Illuminate\\Foundation\\Application.php(1015): Illuminate\\Foundation\\Application->bootProvider(Object(Modules\\User\\RouterServiceProvider))
#16 [internal function]: Illuminate\\Foundation\\Application->Illuminate\\Foundation\\{closure}(Object(Modules\\User\\RouterServiceProvider), 79)
#17 C:\\Users\\dell\\Desktop\\Vip_travel\\Vip_Travel_Project\\vendor\\laravel\\framework\\src\\Illuminate\\Foundation\\Application.php(1014): array_walk(Array, Object(Closure))
#18 C:\\Users\\dell\\Desktop\\Vip_travel\\Vip_Travel_Project\\vendor\\laravel\\framework\\src\\Illuminate\\Foundation\\Bootstrap\\BootProviders.php(17): Illuminate\\Foundation\\Application->boot()
#19 C:\\Users\\dell\\Desktop\\Vip_travel\\Vip_Travel_Project\\vendor\\laravel\\framework\\src\\Illuminate\\Foundation\\Application.php(263): Illuminate\\Foundation\\Bootstrap\\BootProviders->bootstrap(Object(Illuminate\\Foundation\\Application))
#20 C:\\Users\\dell\\Desktop\\Vip_travel\\Vip_Travel_Project\\vendor\\laravel\\framework\\src\\Illuminate\\Foundation\\Http\\Kernel.php(186): Illuminate\\Foundation\\Application->bootstrapWith(Array)
#21 C:\\Users\\dell\\Desktop\\Vip_travel\\Vip_Travel_Project\\vendor\\laravel\\framework\\src\\Illuminate\\Foundation\\Http\\Kernel.php(170): Illuminate\\Foundation\\Http\\Kernel->bootstrap()
#22 C:\\Users\\dell\\Desktop\\Vip_travel\\Vip_Travel_Project\\vendor\\laravel\\framework\\src\\Illuminate\\Foundation\\Http\\Kernel.php(144): Illuminate\\Foundation\\Http\\Kernel->sendRequestThroughRouter(Object(Illuminate\\Http\\Request))
#23 C:\\Users\\dell\\Desktop\\Vip_travel\\Vip_Travel_Project\\public\\index.php(77): Illuminate\\Foundation\\Http\\Kernel->handle(Object(Illuminate\\Http\\Request))
#24 C:\\Users\\dell\\Desktop\\Vip_travel\\Vip_Travel_Project\\server.php(21): require_once('C:\\\\Users\\\\dell\\\\D...')
#25 {main}
"} 
